Contributing types: Preferences}
{"logTime": "0226/062749", "correlationVector":"3Y1sDAAqpf9qz18oMALjAm.1","action":"SyncServerConnectionManagerRequest", "result":"SYNC_SERVER_OK", "context":{"environment":"Prod_SoutheastAsia_000j", "migrationStage":"NotStarted", "server":"GENERAL0300001H"}}
{"logTime": "0226/062749", "correlationVector":"3Y1sDAAqpf9qz18oMALjAm.2","action":"Commit Response", "result":"SYNCER_OK", "context":Result: SYNCER_OK. cV=3Y1sDAAqpf9qz18oMALjAm.0;server=GENERAL0300001H;cloudType=Consumer;environment=Prod_SoutheastAsia_000j;migrationStage=NotStarted}
{"logTime": "0226/063147", "correlationVector":"lcQw3b0KhlIvoYdLu+NNxr","action":"Normal GetUpdate request", "result":"", "context":cV=lcQw3b0KhlIvoYdLu+NNxr
Nudged types: Sessions
Refresh requested types: Bookmarks, Preferences, Passwords, Autofill Profiles, Autofill, Typed URLs, Extensions, Sessions, Extension settings, History Delete Directives, Device Info, User Consents, Send Tab To Self, Web Apps, Collection, Edge E Drop, Edge Hub App Usage, Edge Wallet, Encryption Keys}
{"logTime": "0226/063148", "correlationVector":"lcQw3b0KhlIvoYdLu+NNxr.1","action":"SyncServerConnectionManagerRequest", "result":"SYNC_SERVER_OK", "context":{"environment":"Prod_SoutheastAsia_000j", "migrationStage":"NotStarted", "server":"GENERAL0100000W"}}
{"logTime": "0226/063148", "correlationVector":"lcQw3b0KhlIvoYdLu+NNxr.2","action":"GetUpdates Response", "result":"SYNCER_OK", "context":Received 4 update(s). cV=lcQw3b0KhlIvoYdLu+NNxr.0;server=GENERAL0100000W;cloudType=Consumer;environment=Prod_SoutheastAsia_000j;migrationStage=NotStarted}
{"logTime": "0226/063148", "correlationVector":"npnaTY7plhus9HA6YRBMR/","action":"Commit Request", "result":"", "context":Item count: 1
Contributing types: Sessions}
{"logTime": "0226/063148", "correlationVector":"npnaTY7plhus9HA6YRBMR/.1","action":"SyncServerConnectionManagerRequest", "result":"SYNC_SERVER_OK", "context":{"environment":"Prod_SoutheastAsia_000j", "migrationStage":"NotStarted", "server":"GENERAL03000027"}}
{"logTime": "0226/063148", "correlationVector":"npnaTY7plhus9HA6YRBMR/.2","action":"Commit Response", "result":"SYNCER_OK", "context":Result: SYNCER_OK. cV=npnaTY7plhus9HA6YRBMR/.0;server=GENERAL03000027;cloudType=Consumer;environment=Prod_SoutheastAsia_000j;migrationStage=NotStarted}
{"logTime": "0226/063626", "correlationVector":"BJa3vcjefhqyHUB5ThXfmc","action":"Normal GetUpdate request", "result":"", "context":cV=BJa3vcjefhqyHUB5ThXfmc
Notified types: Preferences}
{"logTime": "0226/063627", "correlationVector":"BJa3vcjefhqyHUB5ThXfmc.1","action":"SyncServerConnectionManagerRequest", "result":"SYNC_SERVER_OK", "context":{"environment":"Prod_SoutheastAsia_000j", "migrationStage":"NotStarted", "server":"general01000016"}}
{"logTime": "0226/063627", "correlationVector":"BJa3vcjefhqyHUB5ThXfmc.2","action":"GetUpdates Response", "result":"SYNCER_OK", "context":Received 5 update(s). cV=BJa3vcjefhqyHUB5ThXfmc.0;server=general01000016;cloudType=Consumer;environment=Prod_SoutheastAsia_000j;migrationStage=NotStarted}
{"logTime": "0226/063639", "correlationVector":"cim1Z2Qk/d3oPVbM7KxckP","action":"Normal GetUpdate request", "result":"", "context":cV=cim1Z2Qk/d3oPVbM7KxckP
Notified types: Preferences}
{"logTime": "0226/063640", "correlationVector":"cim1Z2Qk/d3oPVbM7KxckP.1","action":"SyncServerConnectionManagerRequest", "result":"SYNC_SERVER_OK", "context":{"environment":"Prod_SoutheastAsia_000j", "migrationStage":"NotStarted", "server":"GENERAL0100000S"}}
{"logTime": "0226/063640", "correlationVector":"cim1Z2Qk/d3oPVbM7KxckP.2","action":"GetUpdates Response", "result":"SYNCER_OK", "context":Received 3 update(s). cV=cim1Z2Qk/d3oPVbM7KxckP.0;server=GENERAL0100000S;cloudType=Consumer;environment=Prod_SoutheastAsia_000j;migrationStage=NotStarted}
{"logTime": "0226/064033", "correlationVector":"KywgD6q/wZRdpwA08dfpEx","action":"Commit Request", "result":"", "context":Item count: 1
Contributing types: Sessions}
{"logTime": "0226/064034", "correlationVector":"KywgD6q/wZRdpwA08dfpEx.1","action":"SyncServerConnectionManagerRequest", "result":"SYNC_SERVER_OK", "context":{"environment":"Prod_SoutheastAsia_000j", "migrationStage":"NotStarted", "server":"GENERAL01000004"}}
{"logTime": "0226/064034", "correlationVector":"KywgD6q/wZRdpwA08dfpEx.2","action":"Commit Response", "result":"SYNCER_OK", "context":Result: SYNCER_OK. cV=KywgD6q/wZRdpwA08dfpEx.0;server=GENERAL01000004;cloudType=Consumer;environment=Prod_SoutheastAsia_000j;migrationStage=NotStarted}
{"logTime": "0226/064620", "correlationVector":"rJr7EAHzmd2O4CZprsnTrc","action":"Commit Request", "result":"", "context":Item count: 1
Contributing types: Sessions}
{"logTime": "0226/064620", "correlationVector":"rJr7EAHzmd2O4CZprsnTrc.1","action":"SyncServerConnectionManagerRequest", "result":"SYNC_SERVER_OK", "context":{"environment":"Prod_SoutheastAsia_000j", "migrationStage":"NotStarted", "server":"GENERAL01000008"}}
{"logTime": "0226/064620", "correlationVector":"rJr7EAHzmd2O4CZprsnTrc.2","action":"Commit Response", "result":"SYNCER_OK", "context":Result: SYNCER_OK. cV=rJr7EAHzmd2O4CZprsnTrc.0;server=GENERAL01000008;cloudType=Consumer;environment=Prod_SoutheastAsia_000j;migrationStage=NotStarted}
{"logTime": "0226/071433", "correlationVector":"LHJtSqCpzsJSqb3an3ParM","action":"Commit Request", "result":"", "context":Item count: 1
Contributing types: Sessions}
{"logTime": "0226/071434", "correlationVector":"LHJtSqCpzsJSqb3an3ParM.1","action":"SyncServerConnectionManagerRequest", "result":"SYNC_SERVER_OK", "context":{"environment":"Prod_SoutheastAsia_000j", "migrationStage":"NotStarted", "server":"GENERAL0300000V"}}
{"logTime": "0226/071434", "correlationVector":"LHJtSqCpzsJSqb3an3ParM.2","action":"Commit Response", "result":"SYNCER_OK", "context":Result: SYNCER_OK. cV=LHJtSqCpzsJSqb3an3ParM.0;server=GENERAL0300000V;cloudType=Consumer;environment=Prod_SoutheastAsia_000j;migrationStage=NotStarted}
{"logTime": "0226/071549", "correlationVector":"RxbacnrzbfO7/a4j+gvy2L","action":"Commit Request", "result":"", "context":Item count: 1
Contributing types: Sessions}
{"logTime": "0226/071550", "correlationVector":"RxbacnrzbfO7/a4j+gvy2L.1","action":"SyncServerConnectionManagerRequest", "result":"SYNC_SERVER_OK", "context":{"environment":"Prod_SoutheastAsia_000j", "migrationStage":"NotStarted", "server":"GENERAL03000027"}}
{"logTime": "0226/071550", "correlationVector":"RxbacnrzbfO7/a4j+gvy2L.2","action":"Commit Response", "result":"SYNCER_OK", "context":Result: SYNCER_OK. cV=RxbacnrzbfO7/a4j+gvy2L.0;server=GENERAL03000027;cloudType=Consumer;environment=Prod_SoutheastAsia_000j;migrationStage=NotStarted}
{"logTime": "0226/073221", "correlationVector":"hKo5+t4w8PWZIbzxVEaSuH","action":"Normal GetUpdate request", "result":"", "context":cV=hKo5+t4w8PWZIbzxVEaSuH
Notified types: Typed URLs}
{"logTime": "0226/073222", "correlationVector":"hKo5+t4w8PWZIbzxVEaSuH.1","action":"SyncServerConnectionManagerRequest", "result":"SYNC_SERVER_OK", "context":{"environment":"Prod_EastAsia_000d", "migrationStage":"NotStarted", "server":"GENERAL0100001Q"}}
{"logTime": "0226/073222", "correlationVector":"hKo5+t4w8PWZIbzxVEaSuH.2","action":"GetUpdates", "result":"DeleteReceived", "context":{"id":"30e5e626-bcee-47cc-a164-aea2359a64d6", "isDeleted:":"true", "version":"1708929922131"}}
{"logTime": "0226/073222", "correlationVector":"hKo5+t4w8PWZIbzxVEaSuH.3","action":"GetUpdates Response", "result":"SYNCER_OK", "context":Received 7 update(s). cV=hKo5+t4w8PWZIbzxVEaSuH.0;server=GENERAL0100001Q;cloudType=Consumer;environment=Prod_EastAsia_000d;migrationStage=NotStarted}
{"logTime": "0226/073224", "correlationVector":"1FXJtF+wtAsWbIPSK/1ADj","action":"Normal GetUpdate request", "result":"", "context":cV=1FXJtF+wtAsWbIPSK/1ADj
Notified types: Preferences}
{"logTime": "0226/073225", "correlationVector":"1FXJtF+wtAsWbIPSK/1ADj.1","action":"SyncServerConnectionManagerRequest", "result":"SYNC_SERVER_OK", "context":{"environment":"Prod_EastAsia_000d", "migrationStage":"NotStarted", "server":"GENERAL0100001K"}}
{"logTime": "0226/073225", "correlationVector":"1FXJtF+wtAsWbIPSK/1ADj.2","action":"GetUpdates Response", "result":"SYNCER_OK", "context":Received 1 update(s). cV=1FXJtF+wtAsWbIPSK/1ADj.0;server=GENERAL0100001K;cloudType=Consumer;environment=Prod_EastAsia_000d;migrationStage=NotStarted}
{"logTime": "0226/074112", "correlationVector":"J4zGKwMZh2YJyi8m1Gh9IK","action":"Commit Request", "result":"", "context":Item count: 1
Contributing types: Sessions}
{"logTime": "0226/074113", "correlationVector":"J4zGKwMZh2YJyi8m1Gh9IK.1","action":"SyncServerConnectionManagerRequest", "result":"SYNC_SERVER_OK", "context":{"environment":"Prod_SoutheastAsia_000j", "migrationStage":"NotStarted", "server":"GENERAL0100001B"}}
{"logTime": "0226/074113", "correlationVector":"J4zGKwMZh2YJyi8m1Gh9IK.2","action":"Commit Response", "result":"SYNCER_OK", "context":Result: SYNCER_OK. cV=J4zGKwMZh2YJyi8m1Gh9IK.0;server=GENERAL0100001B;cloudType=Consumer;environment=Prod_SoutheastAsia_000j;migrationStage=NotStarted}
{"logTime": "0226/074234", "correlationVector":"nGZHSaq31DU5iz6WWsZVBo","action":"Commit Request", "result":"", "context":Item count: 1
Contributing types: Sessions}
{"logTime": "0226/074235", "correlationVector":"nGZHSaq31DU5iz6WWsZVBo.1","action":"SyncServerConnectionManagerRequest", "result":"SYNC_SERVER_OK", "context":{"environment":"Prod_SoutheastAsia_000j", "migrationStage":"NotStarted", "server":"GENERAL03000027"}}
{"logTime": "0226/074235", "correlationVector":"nGZHSaq31DU5iz6WWsZVBo.2","action":"Commit Response", "result":"SYNCER_OK", "context":Result: SYNCER_OK. cV=nGZHSaq31DU5iz6WWsZVBo.0;server=GENERAL03000027;cloudType=Consumer;environment=Prod_SoutheastAsia_000j;migrationStage=NotStarted}
{"logTime": "0226/074331", "correlationVector":"2oC49q2+f27ghE+0+oDfxp","action":"Commit Request", "result":"", "context":Item count: 1
Contributing types: Sessions}
{"logTime": "0226/074332", "correlationVector":"2oC49q2+f27ghE+0+oDfxp.1","action":"SyncServerConnectionManagerRequest", "result":"SYNC_SERVER_OK", "context":{"environment":"Prod_SoutheastAsia_000j", "migrationStage":"NotStarted", "server":"GENERAL0300000G"}}
{"logTime": "0226/074332", "correlationVector":"2oC49q2+f27ghE+0+oDfxp.2","action":"Commit Response", "result":"SYNCER_OK", "context":Result: SYNCER_OK. cV=2oC49q2+f27ghE+0+oDfxp.0;server=GENERAL0300000G;cloudType=Consumer;environment=Prod_SoutheastAsia_000j;migrationStage=NotStarted}
{"logTime": "0226/074347", "correlationVector":"1lqtkGyRJzwwyOIROKNIth","action":"Normal GetUpdate request", "result":"", "context":cV=1lqtkGyRJzwwyOIROKNIth
Notified types: Typed URLs}
{"logTime": "0226/074348", "correlationVector":"1lqtkGyRJzwwyOIROKNIth.1","action":"SyncServerConnectionManagerRequest", "result":"SYNC_SERVER_OK", "context":{"environment":"Prod_SoutheastAsia_000j", "migrationStage":"NotStarted", "server":"GENERAL03000000"}}
{"logTime": "0226/074348", "correlationVector":"1lqtkGyRJzwwyOIROKNIth.2","action":"GetUpdates", "result":"DeleteReceived", "context":{"id":"babb0c69-6688-48c3-a182-660a54a38883", "isDeleted:":"true", "version":"1708933253695"}}
{"logTime": "0226/074348", "correlationVector":"1lqtkGyRJzwwyOIROKNIth.3","action":"GetUpdates Response", "result":"SYNCER_OK", "context":Received 5 update(s). cV=1lqtkGyRJzwwyOIROKNIth.0;server=GENERAL03000000;cloudType=Consumer;environment=Prod_SoutheastAsia_000j;migrationStage=NotStarted}
{"logTime": "0226/081059", "correlationVector":"6qqa8YO4K090XXzUjEnHHX","action":"Commit Request", "result":"", "context":Item count: 1
Contributing types: Sessions}
{"logTime": "0226/081100", "correlationVector":"6qqa8YO4K090XXzUjEnHHX.1","action":"SyncServerConnectionManagerRequest", "result":"SYNC_SERVER_OK", "context":{"environment":"Prod_SoutheastAsia_000j", "migrationStage":"NotStarted", "server":"GENERAL0100001L"}}
{"logTime": "0226/081100", "correlationVector":"6qqa8YO4K090XXzUjEnHHX.2","action":"Commit Response", "result":"SYNCER_OK", "context":Result: SYNCER_OK. cV=6qqa8YO4K090XXzUjEnHHX.0;server=GENERAL0100001L;cloudType=Consumer;environment=Prod_SoutheastAsia_000j;migrationStage=NotStarted}
{"logTime": "0226/081439", "correlationVector":"u32zRItNy2qGJCtoyGG8mC.1","action":"SyncServerConnectionManagerRequest", "result":"SYNC_SERVER_OK", "context":{"environment":"Prod_SoutheastAsia_000j", "migrationStage":"NotStarted", "server":"GENERAL0100000A"}}
{"logTime": "0226/081439", "correlationVector":"u32zRItNy2qGJCtoyGG8mC","action":"Initial GetUpdates", "result":"", "context":Reason: NEW_CLIENT. cV=u32zRItNy2qGJCtoyGG8mC}
{"logTime": "0226/081439", "correlationVector":"u32zRItNy2qGJCtoyGG8mC.2","action":"GetUpdates Response", "result":"SYNCER_OK", "context":Received 1 update(s). cV=u32zRItNy2qGJCtoyGG8mC.0;server=GENERAL0100000A;cloudType=Consumer;environment=Prod_SoutheastAsia_000j;migrationStage=NotStarted}
{"logTime": "0226/081439", "correlationVector":"s9anW+T39EmoFnKx1XhSmg","action":"SyncServerConnectionManagerRequest", "result":"SYNC_SERVER_OK", "context":{"environment":"", "migrationStage":"", "server":""}}
{"logTime": "0226/081439", "correlationVector":"cXqOJhrWcGT55sMaEjszpN","action":"Initial GetUpdates", "result":"", "context":Reason: NEWLY_SUPPORTED_DATATYPE. cV=cXqOJhrWcGT55sMaEjszpN}
{"logTime": "0226/081439", "correlationVector":"cXqOJhrWcGT55sMaEjszpN.1","action":"SyncServerConnectionManagerRequest", "result":"SYNC_SERVER_OK", "context":{"environment":"Prod_SoutheastAsia_000j", "migrationStage":"NotStarted", "server":"GENERAL0300000A"}}
{"logTime": "0226/081439", "correlationVector":"cXqOJhrWcGT55sMaEjszpN.2","action":"GetUpdates Response", "result":"SYNCER_OK", "context":Received 19 update(s). cV=cXqOJhrWcGT55sMaEjszpN.0;server=GENERAL0300000A;cloudType=Consumer;environment=Prod_SoutheastAsia_000j;migrationStage=NotStarted}
{"logTime": "0226/081439", "correlationVector":"0ERVBLca+ISXHO+GTMKxwH","action":"Normal GetUpdate request", "result":"", "context":cV=0ERVBLca+ISXHO+GTMKxwH
Nudged types: Sessions
Refresh requested types: Bookmarks, Preferences, Passwords, Autofill Profiles, Autofill, Typed URLs, Extensions, Sessions, Extension settings, History Delete Directives, Device Info, User Consents, Send Tab To Self, Web Apps, Collection, Edge E Drop, Edge Hub App Usage, Edge Wallet, Encryption Keys}
{"logTime": "0226/081439", "correlationVector":"0ERVBLca+ISXHO+GTMKxwH.1","action":"SyncServerConnectionManagerRequest", "result":"SYNC_SERVER_OK", "context":{"environment":"Prod_SoutheastAsia_000j", "migrationStage":"NotStarted", "server":"GENERAL0300001W"}}
{"logTime": "0226/081439", "correlationVector":"0ERVBLca+ISXHO+GTMKxwH.2","action":"GetUpdates", "result":"DeleteReceived", "context":{"id":"7e59039c-db01-4f6a-adfb-d3dcb5bf3444", "isDeleted:":"true", "version":"1708934721121"}}
{"logTime": "0226/081439", "correlationVector":"0ERVBLca+ISXHO+GTMKxwH.3","action":"GetUpdates", "result":"DeleteReceived", "context":{"id":"c849f1b7-ff60-45b4-9701-27c278369450", "isDeleted:":"true", "version":"1708934721123"}}
{"logTime": "0226/081439", "correlationVector":"0ERVBLca+ISXHO+GTMKxwH.4","action":"GetUpdates Response", "result":"SYNCER_OK", "context":Received 5 update(s). cV=0ERVBLca+ISXHO+GTMKxwH.0;server=GENERAL0300001W;cloudType=Consumer;environment=Prod_SoutheastAsia_000j;migrationStage=NotStarted}
{"logTime": "0226/081439", "correlationVector":"6RtVGINbN+981ujpJdn+1v","action":"Commit Request", "result":"", "context":Item count: 3
Contributing types: Sessions}
{"logTime": "0226/081439", "correlationVector":"6RtVGINbN+981ujpJdn+1v.1","action":"SyncServerConnectionManagerRequest", "result":"SYNC_SERVER_OK", "context":{"environment":"Prod_SoutheastAsia_000j", "migrationStage":"NotStarted", "server":"GENERAL0100000X"}}
{"logTime": "0226/081439", "correlationVector":"6RtVGINbN+981ujpJdn+1v.2","action":"Commit Response", "result":"SYNCER_OK", "context":Result: SYNCER_OK. cV=6RtVGINbN+981ujpJdn+1v.0;server=GENERAL0100000X;cloudType=Consumer;environment=Prod_SoutheastAsia_000j;migrationStage=NotStarted}
{"logTime": "0226/081439", "correlationVector":"6RtVGINbN+981ujpJdn+1v.3","action":"Commit.Sessions", "result":"Success", "context":{"id":"a272822b-039f-418c-aeba-86a2e7a0428f", "isDeleted":"true", "size":"0", "version":"1708935059114"}}
{"logTime": "0226/081441", "correlationVector":"DBIbDXieNugRNq7DxU19z8","action":"Normal GetUpdate request", "result":"", "context":cV=DBIbDXieNugRNq7DxU19z8
Nudged types: Preferences, Sessions}
{"logTime": "0226/081443", "correlationVector":"DBIbDXieNugRNq7DxU19z8.1","action":"SyncServerConnectionManagerRequest", "result":"SYNC_SERVER_OK", "context":{"environment":"Prod_SoutheastAsia_000j", "migrationStage":"NotStarted", "server":"GENERAL0100001C"}}
{"logTime": "0226/081443", "correlationVector":"DBIbDXieNugRNq7DxU19z8.2","action":"GetUpdates", "result":"DeleteReceived", "context":{"id":"a272822b-039f-418c-aeba-86a2e7a0428f", "isDeleted:":"true", "version":"1708935274697"}}
{"logTime": "0226/081443", "correlationVector":"DBIbDXieNugRNq7DxU19z8.3","action":"GetUpdates Response", "result":"SYNCER_OK", "context":Received 3 update(s). cV=DBIbDXieNugRNq7DxU19z8.0;server=GENERAL0100001C;cloudType=Consumer;environment=Prod_SoutheastAsia_000j;migrationStage=NotStarted}
{"logTime": "0226/081443", "correlationVector":"ZWM2Q4ndF0ZKe/orzyA0CZ","action":"Commit Request", "result":"", "context":Item count: 1
Contributing types: Preferences}
{"logTime": "0226/081445", "correlationVector":"ZWM2Q4ndF0ZKe/orzyA0CZ.1","action":"SyncServerConnectionManagerRequest", "result":"SYNC_SERVER_OK", "context":{"environment":"Prod_SoutheastAsia_000j", "migrationStage":"NotStarted", "server":"GENERAL0300001Z"}}
{"logTime": "0226/081445", "correlationVector":"ZWM2Q4ndF0ZKe/orzyA0CZ.2","action":"Commit Response", "result":"SYNCER_OK", "context":Result: SYNCER_OK. cV=ZWM2Q4ndF0ZKe/orzyA0CZ.0;server=GENERAL0300001Z;cloudType=Consumer;environment=Prod_SoutheastAsia_000j;migrationStage=NotStarted}
{"logTime": "0226/081749", "correlationVector":"XUNjxKEX/g4Gs7dB8UBzQh","action":"Commit Request", "result":"", "context":Item count: 1
Contributing types: Sessions}
{"logTime": "0226/081750", "correlationVector":"XUNjxKEX/g4Gs7dB8UBzQh.1","action":"SyncServerConnectionManagerRequest", "result":"SYNC_SERVER_OK", "context":{"environment":"Prod_SoutheastAsia_000j", "migrationStage":"NotStarted", "server":"GENERAL01000008"}}
{"logTime": "0226/081750", "correlationVector":"XUNjxKEX/g4Gs7dB8UBzQh.2","action":"Commit Response", "result":"SYNCER_OK", "context":Result: SYNCER_OK. cV=XUNjxKEX/g4Gs7dB8UBzQh.0;server=GENERAL01000008;cloudType=Consumer;environment=Prod_SoutheastAsia_000j;migrationStage=NotStarted}
{"logTime": "0226/081927", "correlationVector":"X6M8D/2nXv1mCU0qzOBzOZ","action":"Normal GetUpdate request", "result":"", "context":cV=X6M8D/2nXv1mCU0qzOBzOZ
Refresh requested types: Bookmarks, Preferences, Passwords, Autofill Profiles, Autofill, Typed URLs, Extensions, Sessions, Extension settings, History Delete Directives, Device Info, User Consents, Send Tab To Self, Web Apps, Collection, Edge E Drop, Edge Hub App Usage, Edge Wallet, Encryption Keys}
{"logTime": "0226/081929", "correlationVector":"X6M8D/2nXv1mCU0qzOBzOZ.1","action":"SyncServerConnectionManagerRequest", "result":"SYNC_SERVER_OK", "context":{"environment":"Prod_EastAsia_000d", "migrationStage":"NotStarted", "server":"GENERAL0100000Y"}}
{"logTime": "0226/081929", "correlationVector":"X6M8D/2nXv1mCU0qzOBzOZ.2","action":"GetUpdates Response", "result":"SYNCER_OK", "context":Received 2 update(s). cV=X6M8D/2nXv1mCU0qzOBzOZ.0;server=GENERAL0100000Y;cloudType=Consumer;environment=Prod_EastAsia_000d;migrationStage=NotStarted}
{"logTime": "0226/082133", "correlationVector":"rbhogc2tGJfQqNaYRgJRw3","action":"Commit Request", "result":"", "context":Item count: 1
Contributing types: Sessions}
{"logTime": "0226/082134", "correlationVector":"rbhogc2tGJfQqNaYRgJRw3.1","action":"SyncServerConnectionManagerRequest", "result":"SYNC_SERVER_OK", "context":{"environment":"Prod_SoutheastAsia_000j", "migrationStage":"NotStarted", "server":"GENERAL0100001C"}}
{"logTime": "0226/082134", "correlationVector":"rbhogc2tGJfQqNaYRgJRw3.2","action":"Commit Response", "result":"SYNCER_OK", "context":Result: SYNCER_OK. cV=rbhogc2tGJfQqNaYRgJRw3.0;server=GENERAL0100001C;cloudType=Consumer;environment=Prod_SoutheastAsia_000j;migrationStage=NotStarted}
{"logTime": "0226/082329", "correlationVector":"Kju0HF2GNXtrpnu7mKBsc+","action":"Commit Request", "result":"", "context":Item count: 1
Contributing types: Sessions}
{"logTime": "0226/082329", "correlationVector":"Kju0HF2GNXtrpnu7mKBsc+.1","action":"SyncServerConnectionManagerRequest", "result":"SYNC_SERVER_OK", "context":{"environment":"Prod_SoutheastAsia_000j", "migrationStage":"NotStarted", "server":"GENERAL01000015"}}
{"logTime": "0226/082329", "correlationVector":"Kju0HF2GNXtrpnu7mKBsc+.2","action":"Commit Response", "result":"SYNCER_OK", "context":Result: SYNCER_OK. cV=Kju0HF2GNXtrpnu7mKBsc+.0;server=GENERAL01000015;cloudType=Consumer;environment=Prod_SoutheastAsia_000j;migrationStage=NotStarted}
{"logTime": "0226/082523", "correlationVector":"27lrkxUXB8dOwTzxWGyh5F","action":"Commit Request", "result":"", "context":Item count: 1
Contributing types: Sessions}
{"logTime": "0226/082523", "correlationVector":"27lrkxUXB8dOwTzxWGyh5F.1","action":"SyncServerConnectionManagerRequest", "result":"SYNC_SERVER_OK", "context":{"environment":"Prod_EastAsia_000d", "migrationStage":"NotStarted", "server":"GENERAL0100000U"}}
{"logTime": "0226/082523", "correlationVector":"27lrkxUXB8dOwTzxWGyh5F.2","action":"Commit Response", "result":"SYNCER_OK", "context":Result: SYNCER_OK. cV=27lrkxUXB8dOwTzxWGyh5F.0;server=GENERAL0100000U;cloudType=Consumer;environment=Prod_EastAsia_000d;migrationStage=NotStarted}
{"logTime": "0226/082646", "correlationVector":"UEsC5edWiMPM8eGqDGKiny.1","action":"SyncServerConnectionManagerRequest", "result":"SYNC_SERVER_OK", "context":{"environment":"Prod_SoutheastAsia_000j", "migrationStage":"NotStarted", "server":"GENERAL01000006"}}
{"logTime": "0226/082646", "correlationVector":"UEsC5edWiMPM8eGqDGKiny","action":"Initial GetUpdates", "result":"", "context":Reason: NEW_CLIENT. cV=UEsC5edWiMPM8eGqDGKiny}
{"logTime": "0226/082646", "correlationVector":"UEsC5edWiMPM8eGqDGKiny.2","action":"GetUpdates Response", "result":"SYNCER_OK", "context":Received 1 update(s). cV=UEsC5edWiMPM8eGqDGKiny.0;server=GENERAL01000006;cloudType=Consumer;environment=Prod_SoutheastAsia_000j;migrationStage=NotStarted}
{"logTime": "0226/082646", "correlationVector":"+PsLhjfreUPidUjlTITbIM","action":"SyncServerConnectionManagerRequest", "result":"SYNC_SERVER_OK", "context":{"environment":"", "migrationStage":"", "server":""}}
{"logTime": "0226/082646", "correlationVector":"eYaexbkGEB2ZB6w/9v7tse","action":"Initial GetUpdates", "result":"", "context":Reason: NEWLY_SUPPORTED_DATATYPE. cV=eYaexbkGEB2ZB6w/9v7tse}
{"logTime": "0226/082646", "correlationVector":"eYaexbkGEB2ZB6w/9v7tse.1","action":"SyncServerConnectionManagerRequest", "result":"SYNC_SERVER_OK", "context":{"environment":"Prod_SoutheastAsia_000j", "migrationStage":"NotStarted", "server":"GENERAL0100000W"}}
{"logTime": "0226/082646", "correlationVector":"eYaexbkGEB2ZB6w/9v7tse.2","action":"GetUpdates Response", "result":"SYNCER_OK", "context":Received 19 update(s). cV=eYaexbkGEB2ZB6w/9v7tse.0;server=GENERAL0100000W;cloudType=Consumer;environment=Prod_SoutheastAsia_000j;migrationStage=NotStarted}
{"logTime": "0226/082646", "correlationVector":"UXBAiLgqAiEcE3xa49pKLZ","action":"Normal GetUpdate request", "result":"", "context":cV=UXBAiLgqAiEcE3xa49pKLZ
Nudged types: Sessions
Refresh requested types: Bookmarks, Preferences, Passwords, Autofill Profiles, Autofill, Typed URLs, Extensions, Sessions, Extension settings, History Delete Directives, Device Info, User Consents, Send Tab To Self, Web Apps, Collection, Edge E Drop, Edge Hub App Usage, Edge Wallet, Encryption Keys}
{"logTime": "0226/082646", "correlationVector":"UXBAiLgqAiEcE3xa49pKLZ.1","action":"SyncServerConnectionManagerRequest", "result":"SYNC_SERVER_OK", "context":{"environment":"Prod_SoutheastAsia_000j", "migrationStage":"NotStarted", "server":"GENERAL0100000B"}}
{"logTime": "0226/082646", "correlationVector":"UXBAiLgqAiEcE3xa49pKLZ.2","action":"GetUpdates Response", "result":"SYNCER_OK", "context":Received 1 update(s). cV=UXBAiLgqAiEcE3xa49pKLZ.0;server=GENERAL0100000B;cloudType=Consumer;environment=Prod_SoutheastAsia_000j;migrationStage=NotStarted}
{"logTime": "0226/082646", "correlationVector":"1aJ3gDEaIhEMPhnv787Nxh","action":"Commit Request", "result":"", "context":Item count: 3
Contributing types: Sessions}
{"logTime": "0226/082646", "correlationVector":"1aJ3gDEaIhEMPhnv787Nxh.1","action":"SyncServerConnectionManagerRequest", "result":"SYNC_SERVER_OK", "context":{"environment":"Prod_SoutheastAsia_000j", "migrationStage":"NotStarted", "server":"GENERAL0100000A"}}
{"logTime": "0226/082646", "correlationVector":"1aJ3gDEaIhEMPhnv787Nxh.2","action":"Commit Response", "result":"SYNCER_OK", "context":Result: SYNCER_OK. cV=1aJ3gDEaIhEMPhnv787Nxh.0;server=GENERAL0100000A;cloudType=Consumer;environment=Prod_SoutheastAsia_000j;migrationStage=NotStarted}
{"logTime": "0226/082648", "correlationVector":"G81kW6JGDfdp9IX1vYKYwc","action":"Normal GetUpdate request", "result":"", "context":cV=G81kW6JGDfdp9IX1vYKYwc
Nudged types: Preferences, Sessions}
{"logTime": "0226/082649", "correlationVector":"G81kW6JGDfdp9IX1vYKYwc.1","action":"SyncServerConnectionManagerRequest", "result":"SYNC_SERVER_OK", "context":{"environment":"Prod_SoutheastAsia_000j", "migrationStage":"NotStarted", "server":"GENERAL01000008"}}
{"logTime": "0226/082649", "correlationVector":"G81kW6JGDfdp9IX1vYKYwc.2","action":"GetUpdates Response", "result":"SYNCER_OK", "context":Received 3 update(s). cV=G81kW6JGDfdp9IX1vYKYwc.0;server=GENERAL01000008;cloudType=Consumer;environment=Prod_SoutheastAsia_000j;migrationStage=NotStarted}
{"logTime": "0226/082649", "correlationVector":"gDb5IcdhKcsZC0fqVQqwYu","action":"Commit Request", "result":"", "context":Item count: 3
Contributing types: Preferences, Sessions}
{"logTime": "0226/082650", "correlationVector":"gDb5IcdhKcsZC0fqVQqwYu.1","action":"SyncServerConnectionManagerRequest", "result":"SYNC_SERVER_OK", "context":{"environment":"Prod_SoutheastAsia_000j", "migrationStage":"NotStarted", "server":"GENERAL0100000G"}}
{"logTime": "0226/082650", "correlationVector":"gDb5IcdhKcsZC0fqVQqwYu.2","action":"Commit Response", "result":"SYNCER_OK", "context":Result: SYNCER_OK. cV=gDb5IcdhKcsZC0fqVQqwYu.0;server=GENERAL0100000G;cloudType=Consumer;environment=Prod_SoutheastAsia_000j;migrationStage=NotStarted}
{"logTime": "0226/082650", "correlationVector":"gDb5IcdhKcsZC0fqVQqwYu.3","action":"Commit.Sessions", "result":"Success", "context":{"id":"768996af-54db-4840-9fe4-622d4128a8f8", "isDeleted":"true", "size":"0", "version":"1708936000864"}}
{"logTime": "0226/082936", "correlationVector":"uNzECrsTvU3zghuNIkfgYo.0","action":"SyncServerConnectionManagerRequest", "result":"SYNC_SERVER_ERROR", "context":{"environment":"", "error_type":"http_status_code", "error_value":"502", "migrationStage":"", "server":""}}
{"logTime": "0226/083046", "correlationVector":"uNzECrsTvU3zghuNIkfgYo.2","action":"SyncServerConnectionManagerRequest", "result":"SYNC_SERVER_OK", "context":{"environment":"", "migrationStage":"", "server":""}}
{"logTime": "0226/083047", "correlationVector":"JFYbQfCHI//MVjGHqiZ8sV.1","action":"SyncServerConnectionManagerRequest", "result":"SYNC_SERVER_OK", "context":{"environment":"Prod_SoutheastAsia_000j", "migrationStage":"NotStarted", "server":"GENERAL0100001C"}}
{"logTime": "0226/083047", "correlationVector":"uNzECrsTvU3zghuNIkfgYo","action":"Initial GetUpdates", "result":"", "context":Reason: NEW_CLIENT. cV=uNzECrsTvU3zghuNIkfgYo}
{"logTime": "0226/083047", "correlationVector":"uNzECrsTvU3zghuNIkfgYo.1","action":"GetUpdates Response", "result":"SYNC_SERVER_ERROR (HTTP 502)", "context":Received error: SYNC_SERVER_ERROR (HTTP 502). }
{"logTime": "0226/083047", "correlationVector":"JFYbQfCHI//MVjGHqiZ8sV","action":"Initial GetUpdates", "result":"", "context":Reason: NEW_CLIENT. cV=JFYbQfCHI//MVjGHqiZ8sV}
{"logTime": "0226/083047", "correlationVector":"JFYbQfCHI//MVjGHqiZ8sV.2","action":"GetUpdates Response", "result":"SYNCER_OK", "context":Received 1 update(s). cV=JFYbQfCHI//MVjGHqiZ8sV.0;server=GENERAL0100001C;cloudType=Consumer;environment=Prod_SoutheastAsia_000j;migrationStage=NotStarted}
{"logTime": "0226/083047", "correlationVector":"ZaEF05xdg7fLFXKMptQx2I","action":"Initial GetUpdates", "result":"", "context":Reason: NEWLY_SUPPORTED_DATATYPE. cV=ZaEF05xdg7fLFXKMptQx2I}
{"logTime": "0226/083047", "correlationVector":"ZaEF05xdg7fLFXKMptQx2I.1","action":"SyncServerConnectionManagerRequest", "result":"SYNC_SERVER_OK", "context":{"environment":"Prod_SoutheastAsia_000j", "migrationStage":"NotStarted", "server":"GENERAL01000010"}}
{"logTime": "0226/083047", "correlationVector":"ZaEF05xdg7fLFXKMptQx2I.2","action":"GetUpdates Response", "result":"SYNCER_OK", "context":Received 19 update(s). cV=ZaEF05xdg7fLFXKMptQx2I.0;server=GENERAL01000010;cloudType=Consumer;environment=Prod_SoutheastAsia_000j;migrationStage=NotStarted}
{"logTime": "0226/083047", "correlationVector":"qS9FS4de8BtL6C7+XcPNTP","action":"Normal GetUpdate request", "result":"", "context":cV=qS9FS4de8BtL6C7+XcPNTP
Nudged types: Preferences, Sessions
Refresh requested types: Bookmarks, Preferences, Passwords, Autofill Profiles, Autofill, Typed URLs, Extensions, Sessions, Extension settings, History Delete Directives, Device Info, User Consents, Send Tab To Self, Web Apps, Collection, Edge E Drop, Edge Hub App Usage, Edge Wallet, Encryption Keys}
{"logTime": "0226/083048", "correlationVector":"qS9FS4de8BtL6C7+XcPNTP.1","action":"SyncServerConnectionManagerRequest", "result":"SYNC_SERVER_OK", "context":{"environment":"Prod_SoutheastAsia_000j", "migrationStage":"NotStarted", "server":"GENERAL0100000C"}}
{"logTime": "0226/083048", "correlationVector":"qS9FS4de8BtL6C7+XcPNTP.2","action":"GetUpdates", "result":"DeleteReceived", "context":{"id":"768996af-54db-4840-9fe4-622d4128a8f8", "isDeleted:":"true", "version":"1708936008815"}}
{"logTime": "0226/083048", "correlationVector":"qS9FS4de8BtL6C7+XcPNTP.3","action":"GetUpdates Response", "result":"SYNCER_OK", "context":Received 3 update(s). cV=qS9FS4de8BtL6C7+XcPNTP.0;server=GENERAL0100000C;cloudType=Consumer;environment=Prod_SoutheastAsia_000j;migrationStage=NotStarted}
{"logTime": "0226/083048", "correlationVector":"LiQQVg4uq/oSO7DMegLRXm","action":"Commit Request", "result":"", "context":Item count: 4
Contributing types: Preferences, Sessions}
{"logTime": "0226/083049", "correlationVector":"LiQQVg4uq/oSO7DMegLRXm.1","action":"SyncServerConnectionManagerRequest", "result":"SYNC_SERVER_OK", "context":{"environment":"Prod_SoutheastAsia_000j", "migrationStage":"NotStarted", "server":"GENERAL01000004"}}
{"logTime": "0226/083049", "correlationVector":"LiQQVg4uq/oSO7DMegLRXm.3","action":"Commit.Sessions", "result":"Success", "context":{"id":"de12a454-a529-464e-9081-291c4c1e6674", "isDeleted":"true", "size":"0", "version":"1708936008814"}}
{"logTime": "0226/083049", "correlationVector":"LiQQVg4uq/oSO7DMegLRXm.2","action":"Commit Response", "result":"SYNCER_OK", "context":Result: SYNCER_OK. cV=LiQQVg4uq/oSO7DMegLRXm.0;server=GENERAL01000004;cloudType=Consumer;environment=Prod_SoutheastAsia_000j;migrationStage=NotStarted}
{"logTime": "0226/083051", "correlationVector":"dYkmdavovCj2/RRtmz4toc","action":"Normal GetUpdate request", "result":"", "context":cV=dYkmdavovCj2/RRtmz4toc
Nudged types: Preferences, Sessions}
{"logTime": "0226/083052", "correlationVector":"dYkmdavovCj2/RRtmz4toc.1","action":"SyncServerConnectionManagerRequest", "result":"SYNC_SERVER_OK", "context":{"environment":"Prod_SoutheastAsia_000j", "migrationStage":"NotStarted", "server":"GENERAL0300001Z"}}
{"logTime": "0226/083052", "correlationVector":"dYkmdavovCj2/RRtmz4toc.2","action":"GetUpdates", "result":"DeleteReceived", "context":{"id":"de12a454-a529-464e-9081-291c4c1e6674", "isDeleted:":"true", "version":"1708936248318"}}
{"logTime": "0226/083052", "correlationVector":"dYkmdavovCj2/RRtmz4toc.3","action":"GetUpdates Response", "result":"SYNCER_OK", "context":Received 4 update(s). cV=dYkmdavovCj2/RRtmz4toc.0;server=GENERAL0300001Z;cloudType=Consumer;environment=Prod_SoutheastAsia_000j;migrationStage=NotStarted}
{"logTime": "0226/083312", "correlationVector":"YGgOwECZ7LIx0kDbAOCJEM","action":"Commit Request", "result":"", "context":Item count: 1
Contributing types: Sessions}
{"logTime": "0226/083313", "correlationVector":"YGgOwECZ7LIx0kDbAOCJEM.1","action":"SyncServerConnectionManagerRequest", "result":"SYNC_SERVER_OK", "context":{"environment":"Prod_SoutheastAsia_000j", "migrationStage":"NotStarted", "server":"GENERAL01000002"}}
{"logTime": "0226/083313", "correlationVector":"YGgOwECZ7LIx0kDbAOCJEM.2","action":"Commit Response", "result":"SYNCER_OK", "context":Result: SYNCER_OK. cV=YGgOwECZ7LIx0kDbAOCJEM.0;server=GENERAL01000002;cloudType=Consumer;environment=Prod_SoutheastAsia_000j;migrationStage=NotStarted}
{"logTime": "0226/083428", "correlationVector":"aKeYLTQ3sRB+4IOQHSow3J","action":"Normal GetUpdate request", "result":"", "context":cV=aKeYLTQ3sRB+4IOQHSow3J
Refresh requested types: Bookmarks, Preferences, Passwords, Autofill Profiles, Autofill, Typed URLs, Extensions, Sessions, Extension settings, History Delete Directives, Device Info, User Consents, Send Tab To Self, Web Apps, Collection, Edge E Drop, Edge Hub App Usage, Edge Wallet, Encryption Keys}
{"logTime": "0226/083429", "correlationVector":"aKeYLTQ3sRB+4IOQHSow3J.1","action":"SyncServerConnectionManagerRequest", "result":"SYNC_SERVER_OK", "context":{"environment":"Prod_EastAsia_000d", "migrationStage":"NotStarted", "server":"GENERAL0100000L"}}
{"logTime": "0226/083429", "correlationVector":"aKeYLTQ3sRB+4IOQHSow3J.2","action":"GetUpdates Response", "result":"SYNCER_OK", "context":Received 1 update(s). cV=aKeYLTQ3sRB+4IOQHSow3J.0;server=GENERAL0100000L;cloudType=Consumer;environment=Prod_EastAsia_000d;migrationStage=NotStarted}
{"logTime": "0226/083528", "correlationVector":"ZmGxCbJecdC5dPGf08xJaj","action":"Commit Request", "result":"", "context":Item count: 1
Contributing types: Sessions}
{"logTime": "0226/083528", "correlationVector":"ZmGxCbJecdC5dPGf08xJaj.1","action":"SyncServerConnectionManagerRequest", "result":"SYNC_SERVER_OK", "context":{"environment":"Prod_SoutheastAsia_000j", "migrationStage":"NotStarted", "server":"GENERAL01000007"}}
{"logTime": "0226/083528", "correlationVector":"ZmGxCbJecdC5dPGf08xJaj.2","action":"Commit Response", "result":"SYNCER_OK", "context":Result: SYNCER_OK. cV=ZmGxCbJecdC5dPGf08xJaj.0;server=GENERAL01000007;cloudType=Consumer;environment=Prod_SoutheastAsia_000j;migrationStage=NotStarted}
{"logTime": "0226/083611", "correlationVector":"kG64Lvb6ZuMEhZiok/ginf","action":"Commit Request", "result":"", "context":Item count: 1
Contributing types: Sessions}
{"logTime": "0226/083612", "correlationVector":"kG64Lvb6ZuMEhZiok/ginf.1","action":"SyncServerConnectionManagerRequest", "result":"SYNC_SERVER_OK", "context":{"environment":"Prod_SoutheastAsia_000j", "migrationStage":"NotStarted", "server":"GENERAL01000001"}}
{"logTime": "0226/083612", "correlationVector":"kG64Lvb6ZuMEhZiok/ginf.2","action":"Commit Response", "result":"SYNCER_OK", "context":Result: SYNCER_OK. cV=kG64Lvb6ZuMEhZiok/ginf.0;server=GENERAL01000001;cloudType=Consumer;environment=Prod_SoutheastAsia_000j;migrationStage=NotStarted}
{"logTime": "0226/083644", "correlationVector":"3Oz+JoY5Ln+1bedqysGeRg","action":"Commit Request", "result":"", "context":Item count: 1
Contributing types: Sessions}
{"logTime": "0226/083645", "correlationVector":"3Oz+JoY5Ln+1bedqysGeRg.1","action":"SyncServerConnectionManagerRequest", "result":"SYNC_SERVER_OK", "context":{"environment":"Prod_SoutheastAsia_000j", "migrationStage":"NotStarted", "server":"GENERAL0300001K"}}
{"logTime": "0226/083645", "correlationVector":"3Oz+JoY5Ln+1bedqysGeRg.2","action":"Commit Response", "result":"SYNCER_OK", "context":Result: SYNCER_OK. cV=3Oz+JoY5Ln+1bedqysGeRg.0;server=GENERAL0300001K;cloudType=Consumer;environment=Prod_SoutheastAsia_000j;migrationStage=NotStarted}
{"logTime": "0226/083814", "correlationVector":"kuHzBp+SAg3XZFBMzxaELU","action":"Commit Request", "result":"", "context":Item count: 1
Contributing types: Sessions}
{"logTime": "0226/083815", "correlationVector":"kuHzBp+SAg3XZFBMzxaELU.0","action":"SyncServerConnectionManagerRequest", "result":"SYNC_SERVER_ERROR", "context":{"environment":"", "error_type":"http_status_code", "error_value":"502", "migrationStage":"", "server":""}}
{"logTime": "0226/083815", "correlationVector":"kuHzBp+SAg3XZFBMzxaELU.1","action":"Commit Response", "result":"SYNC_SERVER_ERROR (HTTP 502)", "context":Result: SYNC_SERVER_ERROR (HTTP 502). }
{"logTime": "0226/083930", "correlationVector":"zeucNCd9Qz6ClJDHkita6I","action":"Commit Request", "result":"", "context":Item count: 1
Contributing types: Sessions}
{"logTime": "0226/083930", "correlationVector":"zeucNCd9Qz6ClJDHkita6I.1","action":"SyncServerConnectionManagerRequest", "result":"SYNC_SERVER_OK", "context":{"environment":"Prod_SoutheastAsia_000j", "migrationStage":"NotStarted", "server":"GENERAL03000005"}}
{"logTime": "0226/083930", "correlationVector":"zeucNCd9Qz6ClJDHkita6I.2","action":"Commit Response", "result":"SYNCER_OK", "context":Result: SYNCER_OK. cV=zeucNCd9Qz6ClJDHkita6I.0;server=GENERAL03000005;cloudType=Consumer;environment=Prod_SoutheastAsia_000j;migrationStage=NotStarted}
{"logTime": "0226/084143", "correlationVector":"qt1rY3kvlrRENgkxva6P3q","action":"Normal GetUpdate request", "result":"", "context":cV=qt1rY3kvlrRENgkxva6P3q
Notified types: Preferences}
{"logTime": "0226/084145", "correlationVector":"qt1rY3kvlrRENgkxva6P3q.1","action":"SyncServerConnectionManagerRequest", "result":"SYNC_SERVER_OK", "context":{"environment":"Prod_SoutheastAsia_000j", "migrationStage":"NotStarted", "server":"GENERAL03000028"}}
{"logTime": "0226/084145", "correlationVector":"qt1rY3kvlrRENgkxva6P3q.2","action":"GetUpdates Response", "result":"SYNCER_OK", "context":Received 4 update(s). cV=qt1rY3kvlrRENgkxva6P3q.0;server=GENERAL03000028;cloudType=Consumer;environment=Prod_SoutheastAsia_000j;migrationStage=NotStarted}
{"logTime": "0226/084509", "correlationVector":"4zr/VQBjR5wBY81BX1HqZF","action":"Commit Request", "result":"", "context":Item count: 1
Contributing types: Sessions}
{"logTime": "0226/084510", "correlationVector":"4zr/VQBjR5wBY81BX1HqZF.1","action":"SyncServerConnectionManagerRequest", "result":"SYNC_SERVER_OK", "context":{"environment":"Prod_SoutheastAsia_000j", "migrationStage":"NotStarted", "server":"GENERAL01000010"}}
{"logTime": "0226/084510", "correlationVector":"4zr/VQBjR5wBY81BX1HqZF.2","action":"Commit Response", "result":"SYNCER_OK", "context":Result: SYNCER_OK. cV=4zr/VQBjR5wBY81BX1HqZF.0;server=GENERAL01000010;cloudType=Consumer;environment=Prod_SoutheastAsia_000j;migrationStage=NotStarted}
{"logTime": "0226/084854", "correlationVector":"Z/4oNW45FgUNznlB1K60yl","action":"Commit Request", "result":"", "context":Item count: 1
Contributing types: Sessions}
{"logTime": "0226/084858", "correlationVector":"Z/4oNW45FgUNznlB1K60yl.1","action":"SyncServerConnectionManagerRequest", "result":"SYNC_SERVER_OK", "context":{"environment":"Prod_SoutheastAsia_000j", "migrationStage":"NotStarted", "server":"GENERAL0100000N"}}
{"logTime": "0226/084858", "correlationVector":"Z/4oNW45FgUNznlB1K60yl.2","action":"Commit Response", "result":"SYNCER_OK", "context":Result: SYNCER_OK. cV=Z/4oNW45FgUNznlB1K60yl.0;server=GENERAL0100000N;cloudType=Consumer;environment=Prod_SoutheastAsia_000j;migrationStage=NotStarted}
{"logTime": "0226/085004", "correlationVector":"kFhg85lnljXkeWEAdkCVw5","action":"Commit Request", "result":"", "context":Item count: 1
Contributing types: Sessions}
{"logTime": "0226/085005", "correlationVector":"kFhg85lnljXkeWEAdkCVw5.1","action":"SyncServerConnectionManagerRequest", "result":"SYNC_SERVER_OK", "context":{"environment":"Prod_SoutheastAsia_000j", "migrationStage":"NotStarted", "server":"GENERAL0100001D"}}
{"logTime": "0226/085005", "correlationVector":"kFhg85lnljXkeWEAdkCVw5.2","action":"Commit Response", "result":"SYNCER_OK", "context":Result: SYNCER_OK. cV=kFhg85lnljXkeWEAdkCVw5.0;server=GENERAL0100001D;cloudType=Consumer;environment=Prod_SoutheastAsia_000j;migrationStage=NotStarted}
{"logTime": "0226/085038", "correlationVector":"oIwTY4KFJ4C2EOaHBS1LhV","action":"Commit Request", "result":"", "context":Item count: 1
Contributing types: Sessions}
{"logTime": "0226/085038", "correlationVector":"oIwTY4KFJ4C2EOaHBS1LhV.1","action":"SyncServerConnectionManagerRequest", "result":"SYNC_SERVER_OK", "context":{"environment":"Prod_SoutheastAsia_000j", "migrationStage":"NotStarted", "server":"GENERAL01000005"}}
{"logTime": "0226/085038", "correlationVector":"oIwTY4KFJ4C2EOaHBS1LhV.2","action":"Commit Response", "result":"SYNCER_OK", "context":Result: SYNCER_OK. cV=oIwTY4KFJ4C2EOaHBS1LhV.0;server=GENERAL01000005;cloudType=Consumer;environment=Prod_SoutheastAsia_000j;migrationStage=NotStarted}
{"logTime": "0226/085353", "correlationVector":"kiFkPPV4a7SJ3ARFcmZbN1","action":"Commit Request", "result":"", "context":Item count: 1
Contributing types: Sessions}
{"logTime": "0226/085400", "correlationVector":"kiFkPPV4a7SJ3ARFcmZbN1.1","action":"SyncServerConnectionManagerRequest", "result":"SYNC_SERVER_OK", "context":{"environment":"Prod_SoutheastAsia_000j", "migrationStage":"NotStarted", "server":"GENERAL0100000O"}}
{"logTime": "0226/085400", "correlationVector":"kiFkPPV4a7SJ3ARFcmZbN1.2","action":"Commit Response", "result":"SYNCER_OK", "context":Result: SYNCER_OK. cV=kiFkPPV4a7SJ3ARFcmZbN1.0;server=GENERAL0100000O;cloudType=Consumer;environment=Prod_SoutheastAsia_000j;migrationStage=NotStarted}
{"logTime": "0226/085544", "correlationVector":"AJNmGFcHADXTMQBOHFlLLG","action":"Commit Request", "result":"", "context":Item count: 1
Contributing types: Sessions}
{"logTime": "0226/085545", "correlationVector":"AJNmGFcHADXTMQBOHFlLLG.1","action":"SyncServerConnectionManagerRequest", "result":"SYNC_SERVER_OK", "context":{"environment":"Prod_SoutheastAsia_000j", "migrationStage":"NotStarted", "server":"GENERAL01000015"}}
{"logTime": "0226/085545", "correlationVector":"AJNmGFcHADXTMQBOHFlLLG.2","action":"Commit Response", "result":"SYNCER_OK", "context":Result: SYNCER_OK. cV=AJNmGFcHADXTMQBOHFlLLG.0;server=GENERAL01000015;cloudType=Consumer;environment=Prod_SoutheastAsia_000j;migrationStage=NotStarted}
{"logTime": "0226/085807", "correlationVector":"Ctb3jEtKMgDT4LxX3CRq6w","action":"Commit Request", "result":"", "context":Item count: 1
Contributing types: Sessions}
{"logTime": "0226/085808", "correlationVector":"Ctb3jEtKMgDT4LxX3CRq6w.1","action":"SyncServerConnectionManagerRequest", "result":"SYNC_SERVER_OK", "context":{"environment":"Prod_SoutheastAsia_000j", "migrationStage":"NotStarted", "server":"GENERAL0100000F"}}
{"logTime": "0226/085808", "correlationVector":"Ctb3jEtKMgDT4LxX3CRq6w.2","action":"Commit Response", "result":"SYNCER_OK", "context":Result: SYNCER_OK. cV=Ctb3jEtKMgDT4LxX3CRq6w.0;server=GENERAL0100000F;cloudType=Consumer;environment=Prod_SoutheastAsia_000j;migrationStage=NotStarted}
{"logTime": "0226/085838", "correlationVector":"kZBJVQW1lQ4FjFHido8ZoU","action":"Commit Request", "result":"", "context":Item count: 1
Contributing types: Sessions}
{"logTime": "0226/085839", "correlationVector":"kZBJVQW1lQ4FjFHido8ZoU.1","action":"SyncServerConnectionManagerRequest", "result":"SYNC_SERVER_OK", "context":{"environment":"Prod_SoutheastAsia_000j", "migrationStage":"NotStarted", "server":"GENERAL0100000O"}}
{"logTime": "0226/085839", "correlationVector":"kZBJVQW1lQ4FjFHido8ZoU.2","action":"Commit Response", "result":"SYNCER_OK", "context":Result: SYNCER_OK. cV=kZBJVQW1lQ4FjFHido8ZoU.0;server=GENERAL0100000O;cloudType=Consumer;environment=Prod_SoutheastAsia_000j;migrationStage=NotStarted}
{"logTime": "0226/090058", "correlationVector":"pNRcbVo482dlxX5SvLcEj2","action":"Commit Request", "result":"", "context":Item count: 1
Contributing types: Sessions}
{"logTime": "0226/090059", "correlationVector":"pNRcbVo482dlxX5SvLcEj2.1","action":"SyncServerConnectionManagerRequest", "result":"SYNC_SERVER_OK", "context":{"environment":"Prod_SoutheastAsia_000j", "migrationStage":"NotStarted", "server":"GENERAL0300000E"}}
{"logTime": "0226/090059", "correlationVector":"pNRcbVo482dlxX5SvLcEj2.2","action":"Commit Response", "result":"SYNCER_OK", "context":Result: SYNCER_OK. cV=pNRcbVo482dlxX5SvLcEj2.0;server=GENERAL0300000E;cloudType=Consumer;environment=Prod_SoutheastAsia_000j;migrationStage=NotStarted}
{"logTime": "0226/090556", "correlationVector":"Jk0Vh2UtFWCjYquMKhYqfU","action":"Commit Request", "result":"", "context":Item count: 1
Contributing types: Sessions}
{"logTime": "0226/090557", "correlationVector":"Jk0Vh2UtFWCjYquMKhYqfU.1","action":"SyncServerConnectionManagerRequest", "result":"SYNC_SERVER_OK", "context":{"environment":"Prod_SoutheastAsia_000j", "migrationStage":"NotStarted", "server":"GENERAL03000027"}}
{"logTime": "0226/090557", "correlationVector":"Jk0Vh2UtFWCjYquMKhYqfU.2","action":"Commit Response", "result":"SYNCER_OK", "context":Result: SYNCER_OK. cV=Jk0Vh2UtFWCjYquMKhYqfU.0;server=GENERAL03000027;cloudType=Consumer;environment=Prod_SoutheastAsia_000j;migrationStage=NotStarted}
{"logTime": "0226/091004", "correlationVector":"1vZL8yUYm1kjYlPaSnO9Dt","action":"Commit Request", "result":"", "context":Item count: 1
Contributing types: Sessions}
{"logTime": "0226/091005", "correlationVector":"1vZL8yUYm1kjYlPaSnO9Dt.1","action":"SyncServerConnectionManagerRequest", "result":"SYNC_SERVER_OK", "context":{"environment":"Prod_SoutheastAsia_000j", "migrationStage":"NotStarted", "server":"GENERAL0300001I"}}
{"logTime": "0226/091005", "correlationVector":"1vZL8yUYm1kjYlPaSnO9Dt.2","action":"Commit Response", "result":"SYNCER_OK", "context":Result: SYNCER_OK. cV=1vZL8yUYm1kjYlPaSnO9Dt.0;server=GENERAL0300001I;cloudType=Consumer;environment=Prod_SoutheastAsia_000j;migrationStage=NotStarted}
{"logTime": "0308/091155", "correlationVector":"ELUx2dZkCVZtkCy4tuIj7q.1","action":"SyncServerConnectionManagerRequest", "result":"SYNC_SERVER_OK", "context":{"environment":"Prod_SoutheastAsia_000j", "migrationStage":"NotStarted", "server":"GENERAL0300000B"}}
{"logTime": "0308/091155", "correlationVector":"ELUx2dZkCVZtkCy4tuIj7q","action":"Initial GetUpdates", "result":"", "context":Reason: NEW_CLIENT. cV=ELUx2dZkCVZtkCy4tuIj7q}
{"logTime": "0308/091155", "correlationVector":"ELUx2dZkCVZtkCy4tuIj7q.2","action":"GetUpdates Response", "result":"SYNCER_OK", "context":Received 1 update(s). cV=ELUx2dZkCVZtkCy4tuIj7q.0;server=GENERAL0300000B;cloudType=Consumer;environment=Prod_SoutheastAsia_000j;migrationStage=NotStarted}
{"logTime": "0308/091155", "correlationVector":"rbs4rei3gL9zcdj3m+bjy/","action":"Initial GetUpdates", "result":"", "context":Reason: NEWLY_SUPPORTED_DATATYPE. cV=rbs4rei3gL9zcdj3m+bjy/}
{"logTime": "0308/091155", "correlationVector":"rbs4rei3gL9zcdj3m+bjy/.1","action":"SyncServerConnectionManagerRequest", "result":"SYNC_SERVER_OK", "context":{"environment":"Prod_SoutheastAsia_000j", "migrationStage":"NotStarted", "server":"GENERAL0300000B"}}
{"logTime": "0308/091155", "correlationVector":"rbs4rei3gL9zcdj3m+bjy/.2","action":"GetUpdates Response", "result":"SYNCER_OK", "context":Received 19 update(s). cV=rbs4rei3gL9zcdj3m+bjy/.0;server=GENERAL0300000B;cloudType=Consumer;environment=Prod_SoutheastAsia_000j;migrationStage=NotStarted}
{"logTime": "0308/091155", "correlationVector":"ccXPElmyCVLFaw06+vFDiY","action":"SyncServerConnectionManagerRequest", "result":"SYNC_SERVER_OK", "context":{"environment":"", "migrationStage":"", "server":""}}
{"logTime": "0308/091155", "correlationVector":"C/8MW+vvKglZNlCKThBz/u","action":"Normal GetUpdate request", "result":"", "context":cV=C/8MW+vvKglZNlCKThBz/u
Nudged types: Sessions, Device Info
Refresh requested types: Bookmarks, Preferences, Passwords, Autofill Profiles, Autofill, Typed URLs, Extensions, Sessions, Extension settings, History Delete Directives, Device Info, User Consents, Send Tab To Self, Web Apps, Collection, Edge E Drop, Edge Hub App Usage, Edge Wallet, Encryption Keys}
{"logTime": "0308/091155", "correlationVector":"C/8MW+vvKglZNlCKThBz/u.1","action":"SyncServerConnectionManagerRequest", "result":"SYNC_SERVER_OK", "context":{"environment":"Prod_SoutheastAsia_000j", "migrationStage":"NotStarted", "server":"GENERAL0300001N"}}
{"logTime": "0308/091155", "correlationVector":"C/8MW+vvKglZNlCKThBz/u.2","action":"GetUpdates", "result":"DeleteReceived", "context":{"id":"2c05ba88-cbe7-4aff-9089-43fb4ad6fcd9", "isDeleted:":"true", "version":"1708945772616"}}
{"logTime": "0308/091155", "correlationVector":"C/8MW+vvKglZNlCKThBz/u.3","action":"GetUpdates", "result":"DeleteReceived", "context":{"id":"bb8cf957-981b-41a2-b006-22b00e26fc38", "isDeleted:":"true", "version":"1708945772618"}}
{"logTime": "0308/091155", "correlationVector":"C/8MW+vvKglZNlCKThBz/u.4","action":"GetUpdates", "result":"DeleteReceived", "context":{"id":"54961c92-0b03-47a0-b92e-631be4036c3e", "isDeleted:":"true", "version":"1708945772619"}}
{"logTime": "0308/091155", "correlationVector":"C/8MW+vvKglZNlCKThBz/u.5","action":"GetUpdates", "result":"DeleteReceived", "context":{"id":"792507a0-c890-45b6-bfe2-3367bb1654ff", "isDeleted:":"true", "version":"1708945772620"}}
{"logTime": "0308/091155", "correlationVector":"C/8MW+vvKglZNlCKThBz/u.6","action":"GetUpdates", "result":"DeleteReceived", "context":{"id":"3fc87e13-e518-40de-afda-cdc56d726035", "isDeleted:":"true", "version":"1708945772621"}}
{"logTime": "0308/091155", "correlationVector":"C/8MW+vvKglZNlCKThBz/u.7","action":"GetUpdates", "result":"DeleteReceived", "context":{"id":"d6a11076-8549-472a-a112-592ea27425b9", "isDeleted:":"true", "version":"1708945772622"}}
{"logTime": "0308/091155", "correlationVector":"C/8MW+vvKglZNlCKThBz/u.8","action":"GetUpdates", "result":"DeleteReceived", "context":{"id":"7e86b5ea-eec8-4bbf-8f96-f575f060820d", "isDeleted:":"true", "version":"1708945772623"}}
{"logTime": "0308/091155", "correlationVector":"C/8MW+vvKglZNlCKThBz/u.9","action":"GetUpdates", "result":"DeleteReceived", "context":{"id":"4b19c295-10f6-4945-ad8c-ed7aaecd1d02", "isDeleted:":"true", "version":"1708948093217"}}
{"logTime": "0308/091155", "correlationVector":"C/8MW+vvKglZNlCKThBz/u.10","action":"GetUpdates", "result":"DeleteReceived", "context":{"id":"445818f5-836e-40d4-8905-3a07a845a048", "isDeleted:":"true", "version":"1708948093219"}}
{"logTime": "0308/091155", "correlationVector":"C/8MW+vvKglZNlCKThBz/u.11","action":"GetUpdates", "result":"DeleteReceived", "context":{"id":"2c2062db-997e-44ae-b0b5-1484e58e0eb5", "isDeleted:":"true", "version":"1708948093220"}}
{"logTime": "0308/091155", "correlationVector":"C/8MW+vvKglZNlCKThBz/u.12","action":"GetUpdates", "result":"DeleteReceived", "context":{"id":"218211da-3eb7-461c-b4a3-a9001e65e244", "isDeleted:":"true", "version":"1708949468486"}}
{"logTime": "0308/091155", "correlationVector":"C/8MW+vvKglZNlCKThBz/u.13","action":"GetUpdates", "result":"DeleteReceived", "context":{"id":"0429292e-38e0-4fbd-a271-a9b648304f2b", "isDeleted:":"true", "version":"1708951545368"}}
{"logTime": "0308/091155", "correlationVector":"C/8MW+vvKglZNlCKThBz/u.14","action":"GetUpdates", "result":"DeleteReceived", "context":{"id":"6e2db497-00c2-4094-afe1-31976679a5b8", "isDeleted:":"true", "version":"1708951545370"}}
{"logTime": "0308/091155", "correlationVector":"C/8MW+vvKglZNlCKThBz/u.15","action":"GetUpdates", "result":"DeleteReceived", "context":{"id":"c45d8c6d-8af5-4dd5-9393-fdb6bfda5ea9", "isDeleted:":"true", "version":"1708960999690"}}
{"logTime": "0308/091155", "correlationVector":"C/8MW+vvKglZNlCKThBz/u.16","action":"GetUpdates", "result":"DeleteReceived", "context":{"id":"14a70d90-b815-417f-bd71-f21ef80cd87f", "isDeleted:":"true", "version":"1708994540209"}}
{"logTime": "0308/091155", "correlationVector":"C/8MW+vvKglZNlCKThBz/u.17","action":"GetUpdates", "result":"DeleteReceived", "context":{"id":"fb8db186-350e-4b42-830b-5f7535bb9d86", "isDeleted:":"true", "version":"1708994540211"}}
{"logTime": "0308/091155", "correlationVector":"C/8MW+vvKglZNlCKThBz/u.18","action":"GetUpdates", "result":"DeleteReceived", "context":{"id":"2715aebe-2447-4cc4-8e05-898d82168910", "isDeleted:":"true", "version":"1709000963461"}}
{"logTime": "0308/091155", "correlationVector":"C/8MW+vvKglZNlCKThBz/u.19","action":"GetUpdates", "result":"DeleteReceived", "context":{"id":"7a589795-be93-4ac9-a692-ca1bb0432385", "isDeleted:":"true", "version":"1709012659767"}}
{"logTime": "0308/091155", "correlationVector":"C/8MW+vvKglZNlCKThBz/u.20","action":"GetUpdates", "result":"DeleteReceived", "context":{"id":"b5e5df60-21f6-4068-a493-6aebf402242f", "isDeleted:":"true", "version":"1709013480169"}}
{"logTime": "0308/091155", "correlationVector":"C/8MW+vvKglZNlCKThBz/u.21","action":"GetUpdates", "result":"DeleteReceived", "context":{"id":"997444ef-0c6c-4859-8b28-92466ee747f8", "isDeleted:":"true", "version":"1709024337185"}}
{"logTime": "0308/091155", "correlationVector":"C/8MW+vvKglZNlCKThBz/u.22","action":"GetUpdates", "result":"DeleteReceived", "context":{"id":"56b861d0-9075-4139-a6b4-4eeccde4e1a3", "isDeleted:":"true", "version":"1709024337187"}}
{"logTime": "0308/091155", "correlationVector":"C/8MW+vvKglZNlCKThBz/u.23","action":"GetUpdates", "result":"DeleteReceived", "context":{"id":"515ebc46-4c2a-4a98-ace7-79d5587a206d", "isDeleted:":"true", "version":"1709024337188"}}
{"logTime": "0308/091155", "correlationVector":"C/8MW+vvKglZNlCKThBz/u.24","action":"GetUpdates", "result":"DeleteReceived", "context":{"id":"2dd3e408-2f58-4d2c-a792-b93bf0f65af2", "isDeleted:":"true", "version":"1709024337189"}}
{"logTime": "0308/091155", "correlationVector":"C/8MW+vvKglZNlCKThBz/u.25","action":"GetUpdates", "result":"DeleteReceived", "context":{"id":"e45446ec-9cef-4db9-be00-a95e4f4fb219", "isDeleted:":"true", "version":"1709027774479"}}
{"logTime": "0308/091155", "correlationVector":"C/8MW+vvKglZNlCKThBz/u.26","action":"GetUpdates", "result":"DeleteReceived", "context":{"id":"ebab4d38-c6cb-42a9-8d98-39b99bae6f60", "isDeleted:":"true", "version":"1709037033650"}}
{"logTime": "0308/091156", "correlationVector":"C/8MW+vvKglZNlCKThBz/u.27","action":"GetUpdates", "result":"DeleteReceived", "context":{"id":"9571d0ed-1701-437f-bc23-78d92bafdd26", "isDeleted:":"true", "version":"1709088379757"}}
{"logTime": "0308/091156", "correlationVector":"C/8MW+vvKglZNlCKThBz/u.28","action":"GetUpdates", "result":"DeleteReceived", "context":{"id":"3d4781ea-a6e2-49bc-92fc-4e8e605450f5", "isDeleted:":"true", "version":"1709107728744"}}
{"logTime": "0308/091156", "correlationVector":"C/8MW+vvKglZNlCKThBz/u.29","action":"GetUpdates", "result":"DeleteReceived", "context":{"id":"0eea1a60-24ee-4cf5-86c8-4e8e3bd876c0", "isDeleted:":"true", "version":"1709107728745"}}
{"logTime": "0308/091156", "correlationVector":"C/8MW+vvKglZNlCKThBz/u.30","action":"GetUpdates", "result":"DeleteReceived", "context":{"id":"7ca40ae2-caa6-480e-9213-1900e3f72140", "isDeleted:":"true", "version":"1709107728746"}}
{"logTime": "0308/091156", "correlationVector":"C/8MW+vvKglZNlCKThBz/u.31","action":"GetUpdates", "result":"DeleteReceived", "context":{"id":"fbcb65b0-99bd-43b1-9819-8fffac2a5f40", "isDeleted:":"true", "version":"1709107728747"}}
{"logTime": "0308/091156", "correlationVector":"C/8MW+vvKglZNlCKThBz/u.32","action":"GetUpdates", "result":"DeleteReceived", "context":{"id":"5b2ce760-eb0f-4761-b931-d09a55c3745a", "isDeleted:":"true", "version":"1709107728748"}}
{"logTime": "0308/091156", "correlationVector":"C/8MW+vvKglZNlCKThBz/u.33","action":"GetUpdates", "result":"DeleteReceived", "context":{"id":"28629f2c-6f55-4183-bd13-d409fc1b646c", "isDeleted:":"true", "version":"1709114347076"}}
{"logTime": "0308/091156", "correlationVector":"C/8MW+vvKglZNlCKThBz/u.34","action":"GetUpdates", "result":"DeleteReceived", "context":{"id":"27201f5e-8365-40af-a01f-56888fd32af5", "isDeleted:":"true", "version":"1709114347078"}}
{"logTime": "0308/091156", "correlationVector":"C/8MW+vvKglZNlCKThBz/u.35","action":"GetUpdates", "result":"DeleteReceived", "context":{"id":"a531d66f-2dd5-4f9b-b045-3e3cccfb8b66", "isDeleted:":"true", "version":"1709166271950"}}
{"logTime": "0308/091156", "correlationVector":"C/8MW+vvKglZNlCKThBz/u.36","action":"GetUpdates", "result":"DeleteReceived", "context":{"id":"1ce156c2-ada5-48c9-b873-922ff6837b2c", "isDeleted:":"true", "version":"1709190311875"}}
{"logTime": "0308/091156", "correlationVector":"C/8MW+vvKglZNlCKThBz/u.37","action":"GetUpdates", "result":"DeleteReceived", "context":{"id":"c4db8f1c-252e-444e-9581-2b533deca506", "isDeleted:":"true", "version":"1709190311876"}}
{"logTime": "0308/091156", "correlationVector":"C/8MW+vvKglZNlCKThBz/u.38","action":"GetUpdates", "result":"DeleteReceived", "context":{"id":"2f765cb8-3372-43dd-aa17-724addb75451", "isDeleted:":"true", "version":"1709193706103"}}
{"logTime": "0308/091156", "correlationVector":"C/8MW+vvKglZNlCKThBz/u.39","action":"GetUpdates", "result":"DeleteReceived", "context":{"id":"4830fe3f-69b6-47f1-ba40-aed2550b6181", "isDeleted:":"true", "version":"1709193706105"}}
{"logTime": "0308/091156", "correlationVector":"C/8MW+vvKglZNlCKThBz/u.40","action":"GetUpdates", "result":"DeleteReceived", "context":{"id":"40c436e0-2a7d-4279-a9c3-cc118b58e4fc", "isDeleted:":"true", "version":"1709193706106"}}
{"logTime": "0308/091156", "correlationVector":"C/8MW+vvKglZNlCKThBz/u.41","action":"GetUpdates", "result":"DeleteReceived", "context":{"id":"e3f83472-a8fd-4eae-aed6-e7c6f1d75196", "isDeleted:":"true", "version":"1709193706107"}}
{"logTime": "0308/091156", "correlationVector":"C/8MW+vvKglZNlCKThBz/u.42","action":"GetUpdates", "result":"DeleteReceived", "context":{"id":"27a2521b-8222-472b-97b1-d588562ae0a2", "isDeleted:":"true", "version":"1709211341703"}}
{"logTime": "0308/091156", "correlationVector":"C/8MW+vvKglZNlCKThBz/u.43","action":"GetUpdates", "result":"DeleteReceived", "context":{"id":"5ddcc858-4e10-4c7f-8ad8-c65ee8c3ab67", "isDeleted:":"true", "version":"1709216928118"}}
{"logTime": "0308/091156", "correlationVector":"C/8MW+vvKglZNlCKThBz/u.44","action":"GetUpdates", "result":"DeleteReceived", "context":{"id":"7bdf8a39-6b6b-4c92-bfcb-5d06d4389f87", "isDeleted:":"true", "version":"1709216928119"}}
{"logTime": "0308/091156", "correlationVector":"C/8MW+vvKglZNlCKThBz/u.45","action":"GetUpdates", "result":"DeleteReceived", "context":{"id":"bb2bae5c-4a4c-4b88-a793-91f2c12a2c77", "isDeleted:":"true", "version":"1709216973602"}}
{"logTime": "0308/091156", "correlationVector":"C/8MW+vvKglZNlCKThBz/u.46","action":"GetUpdates", "result":"DeleteReceived", "context":{"id":"2d38b5ff-e32b-4231-b06b-2e07714f33b7", "isDeleted:":"true", "version":"1709217024247"}}
{"logTime": "0308/091156", "correlationVector":"C/8MW+vvKglZNlCKThBz/u.47","action":"GetUpdates", "result":"DeleteReceived", "context":{"id":"2ee419cc-625b-432f-a96d-78fcb3e85e68", "isDeleted:":"true", "version":"1709219878933"}}
{"logTime": "0308/091156", "correlationVector":"C/8MW+vvKglZNlCKThBz/u.48","action":"GetUpdates", "result":"DeleteReceived", "context":{"id":"79e615b1-a0ad-4641-a222-e9d413de784d", "isDeleted:":"true", "version":"1709259935579"}}
{"logTime": "0308/091156", "correlationVector":"C/8MW+vvKglZNlCKThBz/u.49","action":"GetUpdates", "result":"DeleteReceived", "context":{"id":"4b62cf5a-3a8f-4a65-b3a6-022598220450", "isDeleted:":"true", "version":"1709259935581"}}
{"logTime": "0308/091156", "correlationVector":"C/8MW+vvKglZNlCKThBz/u.50","action":"GetUpdates", "result":"DeleteReceived", "context":{"id":"9caa02d4-2c97-4dbf-aabc-5a6f34fd539a", "isDeleted:":"true", "version":"1709259935582"}}
{"logTime": "0308/091156", "correlationVector":"C/8MW+vvKglZNlCKThBz/u.51","action":"GetUpdates", "result":"DeleteReceived", "context":{"id":"58cf70ab-17ec-4306-aa35-e8ed2ff81c6c", "isDeleted:":"true", "version":"1709273156111"}}
{"logTime": "0308/091156", "correlationVector":"C/8MW+vvKglZNlCKThBz/u.52","action":"GetUpdates", "result":"DeleteReceived", "context":{"id":"038365cd-2ae0-4416-b837-78479398b2f1", "isDeleted:":"true", "version":"1709273156113"}}
{"logTime": "0308/091156", "correlationVector":"C/8MW+vvKglZNlCKThBz/u.53","action":"GetUpdates", "result":"DeleteReceived", "context":{"id":"9063b808-8f64-4f40-8b10-0565e102fcc5", "isDeleted:":"true", "version":"1709273156114"}}
{"logTime": "0308/091156", "correlationVector":"C/8MW+vvKglZNlCKThBz/u.54","action":"GetUpdates", "result":"DeleteReceived", "context":{"id":"1ed6de5b-b0ba-47d8-9f99-028a90aa6c40", "isDeleted:":"true", "version":"1709304470299"}}
{"logTime": "0308/091156", "correlationVector":"C/8MW+vvKglZNlCKThBz/u.55","action":"GetUpdates", "result":"DeleteReceived", "context":{"id":"c0b49c3b-72a0-4b79-a029-aa986839541d", "isDeleted:":"true", "version":"1709304470301"}}
{"logTime": "0308/091156", "correlationVector":"C/8MW+vvKglZNlCKThBz/u.56","action":"GetUpdates", "result":"DeleteReceived", "context":{"id":"bc04657b-0cdc-4692-a381-508d16a7ffb2", "isDeleted:":"true", "version":"1709354946795"}}
{"logTime": "0308/091156", "correlationVector":"C/8MW+vvKglZNlCKThBz/u.57","action":"GetUpdates", "result":"DeleteReceived", "context":{"id":"6bbc6540-c0a7-47c6-bf18-a50676db9725", "isDeleted:":"true", "version":"1709354946797"}}
{"logTime": "0308/091156", "correlationVector":"C/8MW+vvKglZNlCKThBz/u.58","action":"GetUpdates", "result":"DeleteReceived", "context":{"id":"38f5a399-a306-4f84-bc03-ebdc0435f76d", "isDeleted:":"true", "version":"1709366038233"}}
{"logTime": "0308/091156", "correlationVector":"C/8MW+vvKglZNlCKThBz/u.59","action":"GetUpdates", "result":"DeleteReceived", "context":{"id":"a64baac0-b78f-4f7a-a4f7-cea2fda15d07", "isDeleted:":"true", "version":"1709396335641"}}
{"logTime": "0308/091156", "correlationVector":"C/8MW+vvKglZNlCKThBz/u.60","action":"GetUpdates", "result":"DeleteReceived", "context":{"id":"08698323-bcb9-4050-a021-532513e75994", "isDeleted:":"true", "version":"1709397006178"}}
{"logTime": "0308/091156", "correlationVector":"C/8MW+vvKglZNlCKThBz/u.61","action":"GetUpdates", "result":"DeleteReceived", "context":{"id":"7c381e39-8372-4389-b071-6d0775f2f99f", "isDeleted:":"true", "version":"1709397423315"}}
{"logTime": "0308/091156", "correlationVector":"C/8MW+vvKglZNlCKThBz/u.62","action":"GetUpdates", "result":"DeleteReceived", "context":{"id":"48887dc0-59ab-4f02-aec1-2473a6380a91", "isDeleted:":"true", "version":"1709397572075"}}
{"logTime": "0308/091156", "correlationVector":"C/8MW+vvKglZNlCKThBz/u.63","action":"GetUpdates", "result":"DeleteReceived", "context":{"id":"c04a85f9-399e-425b-bf88-d1ded95cdfa3", "isDeleted:":"true", "version":"1709455269547"}}
{"logTime": "0308/091156", "correlationVector":"C/8MW+vvKglZNlCKThBz/u.64","action":"GetUpdates", "result":"DeleteReceived", "context":{"id":"74737135-a0f1-43ff-9f64-68f6261c20a0", "isDeleted:":"true", "version":"1709455269549"}}
{"logTime": "0308/091156", "correlationVector":"C/8MW+vvKglZNlCKThBz/u.65","action":"GetUpdates", "result":"DeleteReceived", "context":{"id":"8b7f1917-0b40-45dc-84a3-5e638d286f87", "isDeleted:":"true", "version":"1709455269550"}}
{"logTime": "0308/091156", "correlationVector":"C/8MW+vvKglZNlCKThBz/u.66","action":"GetUpdates", "result":"DeleteReceived", "context":{"id":"a62ce9f8-b8f9-466c-abac-8caa9cf438be", "isDeleted:":"true", "version":"1709466292464"}}
{"logTime": "0308/091156", "correlationVector":"C/8MW+vvKglZNlCKThBz/u.67","action":"GetUpdates", "result":"DeleteReceived", "context":{"id":"a475099b-6728-4a71-8e55-7003af5d293b", "isDeleted:":"true", "version":"1709517975454"}}
{"logTime": "0308/091156", "correlationVector":"C/8MW+vvKglZNlCKThBz/u.68","action":"GetUpdates", "result":"DeleteReceived", "context":{"id":"41e74d15-7d68-4562-a462-0e624f5d795d", "isDeleted:":"true", "version":"1709517975456"}}
{"logTime": "0308/091156", "correlationVector":"C/8MW+vvKglZNlCKThBz/u.69","action":"GetUpdates", "result":"DeleteReceived", "context":{"id":"eee2702c-95cd-4dc0-8470-06b790e202b0", "isDeleted:":"true", "version":"1709524080053"}}
{"logTime": "0308/091156", "correlationVector":"C/8MW+vvKglZNlCKThBz/u.70","action":"GetUpdates", "result":"DeleteReceived", "context":{"id":"8389b655-7a6a-4e18-a578-2e1bb1ccad3f", "isDeleted:":"true", "version":"1709535926711"}}
{"logTime": "0308/091156", "correlationVector":"C/8MW+vvKglZNlCKThBz/u.71","action":"GetUpdates", "result":"DeleteReceived", "context":{"id":"536506ea-aae6-4324-9221-9702da702c06", "isDeleted:":"true", "version":"1709546570623"}}
{"logTime": "0308/091156", "correlationVector":"C/8MW+vvKglZNlCKThBz/u.72","action":"GetUpdates", "result":"DeleteReceived", "context":{"id":"1cd09a62-8d86-45aa-993e-aa677532f362", "isDeleted:":"true", "version":"1709546570625"}}
{"logTime": "0308/091156", "correlationVector":"C/8MW+vvKglZNlCKThBz/u.73","action":"GetUpdates", "result":"DeleteReceived", "context":{"id":"1d6c3566-f028-442b-81de-074418de1121", "isDeleted:":"true", "version":"1709546570626"}}
{"logTime": "0308/091156", "correlationVector":"C/8MW+vvKglZNlCKThBz/u.74","action":"GetUpdates", "result":"DeleteReceived", "context":{"id":"2760046f-a146-4d1e-a1d4-ea6568294ea9", "isDeleted:":"true", "version":"1709546997478"}}
{"logTime": "0308/091156", "correlationVector":"C/8MW+vvKglZNlCKThBz/u.75","action":"GetUpdates", "result":"DeleteReceived", "context":{"id":"531d87f5-582e-4648-8868-95c4e542e1ad", "isDeleted:":"true", "version":"1709607710950"}}
{"logTime": "0308/091156", "correlationVector":"C/8MW+vvKglZNlCKThBz/u.76","action":"GetUpdates", "result":"DeleteReceived", "context":{"id":"df2ea360-b83e-4bff-9237-d48b817ef6f1", "isDeleted:":"true", "version":"1709607710951"}}
{"logTime": "0308/091156", "correlationVector":"C/8MW+vvKglZNlCKThBz/u.77","action":"GetUpdates", "result":"DeleteReceived", "context":{"id":"fb2100d6-2ca9-4bc2-8248-f7bb2bd13fd5", "isDeleted:":"true", "version":"1709614004139"}}
{"logTime": "0308/091156", "correlationVector":"C/8MW+vvKglZNlCKThBz/u.78","action":"GetUpdates", "result":"DeleteReceived", "context":{"id":"45fdc235-041a-457e-ab4b-64fff835ca66", "isDeleted:":"true", "version":"1709637122433"}}
{"logTime": "0308/091156", "correlationVector":"C/8MW+vvKglZNlCKThBz/u.79","action":"GetUpdates", "result":"DeleteReceived", "context":{"id":"d7d02a92-83d8-4407-9c44-880ac9b90e4e", "isDeleted:":"true", "version":"1709638617283"}}
{"logTime": "0308/091156", "correlationVector":"C/8MW+vvKglZNlCKThBz/u.80","action":"GetUpdates", "result":"DeleteReceived", "context":{"id":"f12132ea-20c3-4030-98f7-a154b3802e9b", "isDeleted:":"true", "version":"1709715270413"}}
{"logTime": "0308/091156", "correlationVector":"C/8MW+vvKglZNlCKThBz/u.81","action":"GetUpdates", "result":"DeleteReceived", "context":{"id":"db920c59-2d37-40cf-acff-0063471306b1", "isDeleted:":"true", "version":"1709715270415"}}
{"logTime": "0308/091156", "correlationVector":"C/8MW+vvKglZNlCKThBz/u.82","action":"GetUpdates", "result":"DeleteReceived", "context":{"id":"b939cd72-c5b1-4500-9954-8d716cec7fb9", "isDeleted:":"true", "version":"1709715270416"}}
{"logTime": "0308/091156", "correlationVector":"C/8MW+vvKglZNlCKThBz/u.83","action":"GetUpdates", "result":"DeleteReceived", "context":{"id":"5c2908cc-badb-4266-93c9-e9efea903db8", "isDeleted:":"true", "version":"1709715270417"}}
{"logTime": "0308/091156", "correlationVector":"C/8MW+vvKglZNlCKThBz/u.84","action":"GetUpdates", "result":"DeleteReceived", "context":{"id":"dc59535f-4ff6-4834-835a-9cc59f733979", "isDeleted:":"true", "version":"1709715270418"}}
{"logTime": "0308/091156", "correlationVector":"C/8MW+vvKglZNlCKThBz/u.85","action":"GetUpdates", "result":"DeleteReceived", "context":{"id":"4de9b631-7923-435d-b243-36c7705224a4", "isDeleted:":"true", "version":"1709773775805"}}
{"logTime": "0308/091156", "correlationVector":"C/8MW+vvKglZNlCKThBz/u.86","action":"GetUpdates", "result":"DeleteReceived", "context":{"id":"247c60dd-b9cf-491f-9dd9-efc572e91215", "isDeleted:":"true", "version":"1709773775808"}}
{"logTime": "0308/091156", "correlationVector":"C/8MW+vvKglZNlCKThBz/u.87","action":"GetUpdates", "result":"DeleteReceived", "context":{"id":"f3647e16-7091-4db6-b335-8f0d0a7699f8", "isDeleted:":"true", "version":"1709773799665"}}
{"logTime": "0308/091156", "correlationVector":"C/8MW+vvKglZNlCKThBz/u.88","action":"GetUpdates", "result":"DeleteReceived", "context":{"id":"19cc2af5-8946-461a-89b0-496114507b22", "isDeleted:":"true", "version":"1709773838660"}}
{"logTime": "0308/091156", "correlationVector":"C/8MW+vvKglZNlCKThBz/u.89","action":"GetUpdates", "result":"DeleteReceived", "context":{"id":"111b0440-84c1-42a9-bae7-547336f2ff8e", "isDeleted:":"true", "version":"1709777955608"}}
{"logTime": "0308/091156", "correlationVector":"C/8MW+vvKglZNlCKThBz/u.90","action":"GetUpdates", "result":"DeleteReceived", "context":{"id":"e50d98c2-35f4-4ec2-82aa-da6a2bb64f7c", "isDeleted:":"true", "version":"1709780126315"}}
{"logTime": "0308/091156", "correlationVector":"C/8MW+vvKglZNlCKThBz/u.91","action":"GetUpdates", "result":"DeleteReceived", "context":{"id":"092e0373-6365-4dc6-ace8-34deaef0f87c", "isDeleted:":"true", "version":"1709780126316"}}
{"logTime": "0308/091156", "correlationVector":"C/8MW+vvKglZNlCKThBz/u.92","action":"GetUpdates", "result":"DeleteReceived", "context":{"id":"96c9fa09-ba0f-4d76-9606-9f17d1c1bdf2", "isDeleted:":"true", "version":"1709783121334"}}
{"logTime": "0308/091156", "correlationVector":"C/8MW+vvKglZNlCKThBz/u.93","action":"GetUpdates", "result":"DeleteReceived", "context":{"id":"7aad6342-4b3d-45de-a16e-5227275df192", "isDeleted:":"true", "version":"1709784335787"}}
{"logTime": "0308/091156", "correlationVector":"C/8MW+vvKglZNlCKThBz/u.94","action":"GetUpdates", "result":"DeleteReceived", "context":{"id":"9f262e4e-521e-415c-9ed1-1ddad6c1e5db", "isDeleted:":"true", "version":"1709784849187"}}
{"logTime": "0308/091156", "correlationVector":"C/8MW+vvKglZNlCKThBz/u.95","action":"GetUpdates", "result":"DeleteReceived", "context":{"id":"f76d790b-ba7d-4bc0-8c29-65e4e8d838e4", "isDeleted:":"true", "version":"1709788549614"}}
{"logTime": "0308/091156", "correlationVector":"C/8MW+vvKglZNlCKThBz/u.96","action":"GetUpdates", "result":"DeleteReceived", "context":{"id":"0caeda61-3d09-4ffe-be6a-89e1a7a5c910", "isDeleted:":"true", "version":"1709790783458"}}
{"logTime": "0308/091156", "correlationVector":"C/8MW+vvKglZNlCKThBz/u.97","action":"GetUpdates", "result":"DeleteReceived", "context":{"id":"9e84f807-7f6d-42b1-b6fb-26c24d047d8c", "isDeleted:":"true", "version":"1709815274393"}}
{"logTime": "0308/091156", "correlationVector":"C/8MW+vvKglZNlCKThBz/u.98","action":"GetUpdates", "result":"DeleteReceived", "context":{"id":"b4c0f5e4-c86b-44e3-93e1-43122be9faee", "isDeleted:":"true", "version":"1709815274394"}}
{"logTime": "0308/091156", "correlationVector":"C/8MW+vvKglZNlCKThBz/u.99","action":"GetUpdates", "result":"DeleteReceived", "context":{"id":"0f8f6ff5-ca76-42fd-b53d-7b4726ed4474", "isDeleted:":"true", "version":"1709815274396"}}
{"logTime": "0308/091156", "correlationVector":"C/8MW+vvKglZNlCKThBz/u.100","action":"GetUpdates", "result":"DeleteReceived", "context":{"id":"977eabef-3950-4b20-b64b-490fa83668d7", "isDeleted:":"true", "version":"1709815274398"}}
{"logTime": "0308/091156", "correlationVector":"C/8MW+vvKglZNlCKThBz/u.101","action":"GetUpdates", "result":"DeleteReceived", "context":{"id":"139cfd52-02b8-4725-a1ee-d044e7d563a2", "isDeleted:":"true", "version":"1709815684499"}}
{"logTime": "0308/091156", "correlationVector":"C/8MW+vvKglZNlCKThBz/u.102","action":"GetUpdates", "result":"DeleteReceived", "context":{"id":"539c3c8f-134b-4a31-a14a-f9050bc9c21a", "isDeleted:":"true", "version":"1709876597511"}}
{"logTime": "0308/091156", "correlationVector":"C/8MW+vvKglZNlCKThBz/u.103","action":"GetUpdates", "result":"DeleteReceived", "context":{"id":"529879fb-80e8-4190-af25-f78a40b2c6a2", "isDeleted:":"true", "version":"1709876597513"}}
{"logTime": "0308/091156", "correlationVector":"C/8MW+vvKglZNlCKThBz/u.104","action":"GetUpdates", "result":"DeleteReceived", "context":{"id":"6c471a78-84e4-4902-b872-dccb8bba44be", "isDeleted:":"true", "version":"1709876597514"}}
{"logTime": "0308/091156", "correlationVector":"C/8MW+vvKglZNlCKThBz/u.105","action":"GetUpdates", "result":"DeleteReceived", "context":{"id":"eaefd1dc-11a7-4471-b7cf-974b8a023b4b", "isDeleted:":"true", "version":"1709876774105"}}
{"logTime": "0308/091156", "correlationVector":"C/8MW+vvKglZNlCKThBz/u.106","action":"GetUpdates", "result":"DeleteReceived", "context":{"id":"3d6758d7-fa90-422c-8e39-cfc7b21b1276", "isDeleted:":"true", "version":"1709878233067"}}
{"logTime": "0308/091156", "correlationVector":"C/8MW+vvKglZNlCKThBz/u.107","action":"GetUpdates Response", "result":"SYNCER_OK", "context":Received 131 update(s). cV=C/8MW+vvKglZNlCKThBz/u.0;server=GENERAL0300001N;cloudType=Consumer;environment=Prod_SoutheastAsia_000j;migrationStage=NotStarted}
{"logTime": "0308/091156", "correlationVector":"efIaycM6It7J3SZVtVqoWc","action":"Commit Request", "result":"", "context":Item count: 4
Contributing types: Sessions, Device Info}
{"logTime": "0308/091156", "correlationVector":"efIaycM6It7J3SZVtVqoWc.1","action":"SyncServerConnectionManagerRequest", "result":"SYNC_SERVER_OK", "context":{"environment":"Prod_SoutheastAsia_000j", "migrationStage":"NotStarted", "server":"GENERAL0300001F"}}
{"logTime": "0308/091156", "correlationVector":"efIaycM6It7J3SZVtVqoWc.3","action":"Commit.Sessions", "result":"Success", "context":{"id":"b4727045-b8f6-4342-abf3-4acf75d36a06", "isDeleted":"true", "size":"0", "version":"1708938604579"}}
{"logTime": "0308/091156", "correlationVector":"efIaycM6It7J3SZVtVqoWc.2","action":"Commit Response", "result":"SYNCER_OK", "context":Result: SYNCER_OK. cV=efIaycM6It7J3SZVtVqoWc.0;server=GENERAL0300001F;cloudType=Consumer;environment=Prod_SoutheastAsia_000j;migrationStage=NotStarted}
{"logTime": "0308/091156", "correlationVector":"ygdOVM/lQCH0pxxJsNop73","action":"Poll GetUpdate request", "result":"", "context":cV=ygdOVM/lQCH0pxxJsNop73}
{"logTime": "0308/091156", "correlationVector":"ygdOVM/lQCH0pxxJsNop73.1","action":"SyncServerConnectionManagerRequest", "result":"SYNC_SERVER_OK", "context":{"environment":"Prod_SoutheastAsia_000j", "migrationStage":"NotStarted", "server":"GENERAL0300001A"}}
{"logTime": "0308/091156", "correlationVector":"ygdOVM/lQCH0pxxJsNop73.2","action":"GetUpdates", "result":"DeleteReceived", "context":{"id":"b4727045-b8f6-4342-abf3-4acf75d36a06", "isDeleted:":"true", "version":"1709889099121"}}
{"logTime": "0308/091156", "correlationVector":"ygdOVM/lQCH0pxxJsNop73.3","action":"GetUpdates Response", "result":"SYNCER_OK", "context":Received 4 update(s). cV=ygdOVM/lQCH0pxxJsNop73.0;server=GENERAL0300001A;cloudType=Consumer;environment=Prod_SoutheastAsia_000j;migrationStage=NotStarted}
{"logTime": "0308/091156", "correlationVector":"o9BHYMhJQX73arrejhIWir","action":"Normal GetUpdate request", "result":"", "context":cV=o9BHYMhJQX73arrejhIWir
Nudged types: Sessions, Device Info
Refresh requested types: Bookmarks, Preferences, Passwords, Autofill Profiles, Autofill, Typed URLs, Extensions, Sessions, Extension settings, History Delete Directives, Device Info, User Consents, Send Tab To Self, Web Apps, Collection, Edge E Drop, Edge Hub App Usage, Edge Wallet, Encryption Keys}
{"logTime": "0308/091156", "correlationVector":"o9BHYMhJQX73arrejhIWir.1","action":"SyncServerConnectionManagerRequest", "result":"SYNC_SERVER_OK", "context":{"environment":"Prod_SoutheastAsia_000j", "migrationStage":"NotStarted", "server":"GENERAL01000008"}}
{"logTime": "0308/091156", "correlationVector":"o9BHYMhJQX73arrejhIWir.2","action":"GetUpdates Response", "result":"SYNCER_OK", "context":Received 0 update(s). cV=o9BHYMhJQX73arrejhIWir.0;server=GENERAL01000008;cloudType=Consumer;environment=Prod_SoutheastAsia_000j;migrationStage=NotStarted}
{"logTime": "0308/091158", "correlationVector":"RFSnphwkPcGBgIfQwYErXO","action":"Commit Request", "result":"", "context":Item count: 2
Contributing types: Preferences, Sessions}
{"logTime": "0308/091159", "correlationVector":"RFSnphwkPcGBgIfQwYErXO.1","action":"SyncServerConnectionManagerRequest", "result":"SYNC_SERVER_OK", "context":{"environment":"Prod_SoutheastAsia_000j", "migrationStage":"NotStarted", "server":"GENERAL0100000A"}}
{"logTime": "0308/091159", "correlationVector":"RFSnphwkPcGBgIfQwYErXO.2","action":"Commit Response", "result":"SYNCER_OK", "context":Result: SYNCER_OK. cV=RFSnphwkPcGBgIfQwYErXO.0;server=GENERAL0100000A;cloudType=Consumer;environment=Prod_SoutheastAsia_000j;migrationStage=NotStarted}
{"logTime": "0308/091233", "correlationVector":"+dkwFsCxpA/WGEc/QgzD4V","action":"Commit Request", "result":"", "context":Item count: 1
Contributing types: Typed URLs}
{"logTime": "0308/091234", "correlationVector":"+dkwFsCxpA/WGEc/QgzD4V.1","action":"SyncServerConnectionManagerRequest", "result":"SYNC_SERVER_OK", "context":{"environment":"Prod_SoutheastAsia_000j", "migrationStage":"NotStarted", "server":"GENERAL0100000K"}}
{"logTime": "0308/091234", "correlationVector":"+dkwFsCxpA/WGEc/QgzD4V.2","action":"Commit Response", "result":"SYNCER_OK", "context":Result: SYNCER_OK. cV=+dkwFsCxpA/WGEc/QgzD4V.0;server=GENERAL0100000K;cloudType=Consumer;environment=Prod_SoutheastAsia_000j;migrationStage=NotStarted}
{"logTime": "0308/091406", "correlationVector":"rsmuKlO8C3z/g50mEJBT3v","action":"Normal GetUpdate request", "result":"", "context":cV=rsmuKlO8C3z/g50mEJBT3v
Notified types: Typed URLs}
{"logTime": "0308/091407", "correlationVector":"rsmuKlO8C3z/g50mEJBT3v.1","action":"SyncServerConnectionManagerRequest", "result":"SYNC_SERVER_OK", "context":{"environment":"Prod_SoutheastAsia_000j", "migrationStage":"NotStarted", "server":"GENERAL03000027"}}
{"logTime": "0308/091407", "correlationVector":"rsmuKlO8C3z/g50mEJBT3v.2","action":"GetUpdates", "result":"DeleteReceived", "context":{"id":"4e3ccb83-089e-48bb-9c89-bd91616ff63d", "isDeleted:":"true", "version":"1709889214145"}}
{"logTime": "0308/091407", "correlationVector":"rsmuKlO8C3z/g50mEJBT3v.3","action":"GetUpdates", "result":"DeleteReceived", "context":{"id":"020b9832-dd79-425a-a762-c4c8e4bf5d27", "isDeleted:":"true", "version":"1709889214146"}}
{"logTime": "0308/091407", "correlationVector":"rsmuKlO8C3z/g50mEJBT3v.4","action":"GetUpdates Response", "result":"SYNCER_OK", "context":Received 7 update(s). cV=rsmuKlO8C3z/g50mEJBT3v.0;server=GENERAL03000027;cloudType=Consumer;environment=Prod_SoutheastAsia_000j;migrationStage=NotStarted}
{"logTime": "0308/091635", "correlationVector":"tFz6IZMtUrFUtCYF9pkWxo","action":"Normal GetUpdate request", "result":"", "context":cV=tFz6IZMtUrFUtCYF9pkWxo
Refresh requested types: Bookmarks, Preferences, Passwords, Autofill Profiles, Autofill, Typed URLs, Extensions, Sessions, Extension settings, History Delete Directives, Device Info, User Consents, Send Tab To Self, Web Apps, Collection, Edge E Drop, Edge Hub App Usage, Edge Wallet, Encryption Keys}
{"logTime": "0308/091636", "correlationVector":"tFz6IZMtUrFUtCYF9pkWxo.1","action":"SyncServerConnectionManagerRequest", "result":"SYNC_SERVER_OK", "context":{"environment":"Prod_SoutheastAsia_000j", "migrationStage":"NotStarted", "server":"GENERAL0100000K"}}
{"logTime": "0308/091636", "correlationVector":"tFz6IZMtUrFUtCYF9pkWxo.2","action":"GetUpdates Response", "result":"SYNCER_OK", "context":Received 1 update(s). cV=tFz6IZMtUrFUtCYF9pkWxo.0;server=GENERAL0100000K;cloudType=Consumer;environment=Prod_SoutheastAsia_000j;migrationStage=NotStarted}
{"logTime": "0308/100329", "correlationVector":"Ao1O808oL+zR7klUxhbvCj.1","action":"SyncServerConnectionManagerRequest", "result":"SYNC_SERVER_OK", "context":{"environment":"Prod_SoutheastAsia_000j", "migrationStage":"NotStarted", "server":"GENERAL03000009"}}
{"logTime": "0308/100329", "correlationVector":"Ao1O808oL+zR7klUxhbvCj","action":"Initial GetUpdates", "result":"", "context":Reason: NEW_CLIENT. cV=Ao1O808oL+zR7klUxhbvCj}
{"logTime": "0308/100329", "correlationVector":"Ao1O808oL+zR7klUxhbvCj.2","action":"GetUpdates Response", "result":"SYNCER_OK", "context":Received 1 update(s). cV=Ao1O808oL+zR7klUxhbvCj.0;server=GENERAL03000009;cloudType=Consumer;environment=Prod_SoutheastAsia_000j;migrationStage=NotStarted}
{"logTime": "0308/100329", "correlationVector":"vXcdIOZaaTDZOHgmgH4Ra0","action":"SyncServerConnectionManagerRequest", "result":"SYNC_SERVER_OK", "context":{"environment":"", "migrationStage":"", "server":""}}
{"logTime": "0308/100329", "correlationVector":"6snCzzSs1Bu0vtGsCVxyiu","action":"Initial GetUpdates", "result":"", "context":Reason: NEWLY_SUPPORTED_DATATYPE. cV=6snCzzSs1Bu0vtGsCVxyiu}
{"logTime": "0308/100329", "correlationVector":"6snCzzSs1Bu0vtGsCVxyiu.1","action":"SyncServerConnectionManagerRequest", "result":"SYNC_SERVER_OK", "context":{"environment":"Prod_SoutheastAsia_000j", "migrationStage":"NotStarted", "server":"GENERAL0100000M"}}
{"logTime": "0308/100329", "correlationVector":"6snCzzSs1Bu0vtGsCVxyiu.2","action":"GetUpdates Response", "result":"SYNCER_OK", "context":Received 19 update(s). cV=6snCzzSs1Bu0vtGsCVxyiu.0;server=GENERAL0100000M;cloudType=Consumer;environment=Prod_SoutheastAsia_000j;migrationStage=NotStarted}
{"logTime": "0308/100329", "correlationVector":"mbUNU2Q/DrMTvlmCycgUkG","action":"Normal GetUpdate request", "result":"", "context":cV=mbUNU2Q/DrMTvlmCycgUkG
Nudged types: Sessions
Refresh requested types: Bookmarks, Preferences, Passwords, Autofill Profiles, Autofill, Typed URLs, Extensions, Sessions, Extension settings, History Delete Directives, Device Info, User Consents, Send Tab To Self, Web Apps, Collection, Edge E Drop, Edge Hub App Usage, Edge Wallet, Encryption Keys}
{"logTime": "0308/100330", "correlationVector":"mbUNU2Q/DrMTvlmCycgUkG.1","action":"SyncServerConnectionManagerRequest", "result":"SYNC_SERVER_OK", "context":{"environment":"Prod_SoutheastAsia_000j", "migrationStage":"NotStarted", "server":"GENERAL0100001H"}}
{"logTime": "0308/100330", "correlationVector":"mbUNU2Q/DrMTvlmCycgUkG.2","action":"GetUpdates Response", "result":"SYNCER_OK", "context":Received 4 update(s). cV=mbUNU2Q/DrMTvlmCycgUkG.0;server=GENERAL0100001H;cloudType=Consumer;environment=Prod_SoutheastAsia_000j;migrationStage=NotStarted}
{"logTime": "0308/100330", "correlationVector":"QQXOmKXg6GwBn4ascq1uxb","action":"Commit Request", "result":"", "context":Item count: 3
Contributing types: Sessions}
{"logTime": "0308/100330", "correlationVector":"QQXOmKXg6GwBn4ascq1uxb.1","action":"SyncServerConnectionManagerRequest", "result":"SYNC_SERVER_OK", "context":{"environment":"Prod_SoutheastAsia_000j", "migrationStage":"NotStarted", "server":"GENERAL0100000G"}}
{"logTime": "0308/100330", "correlationVector":"QQXOmKXg6GwBn4ascq1uxb.3","action":"Commit.Sessions", "result":"Success", "context":{"id":"c866a49e-799f-4b33-ba16-e487972c5068", "isDeleted":"true", "size":"0", "version":"1709889118632"}}
{"logTime": "0308/100330", "correlationVector":"QQXOmKXg6GwBn4ascq1uxb.2","action":"Commit Response", "result":"SYNCER_OK", "context":Result: SYNCER_OK. cV=QQXOmKXg6GwBn4ascq1uxb.0;server=GENERAL0100000G;cloudType=Consumer;environment=Prod_SoutheastAsia_000j;migrationStage=NotStarted}
{"logTime": "0308/100330", "correlationVector":"btW/LW+iQgH4LmxKVMRLB8","action":"Normal GetUpdate request", "result":"", "context":cV=btW/LW+iQgH4LmxKVMRLB8
Nudged types: Sessions}
{"logTime": "0308/100330", "correlationVector":"btW/LW+iQgH4LmxKVMRLB8.1","action":"SyncServerConnectionManagerRequest", "result":"SYNC_SERVER_OK", "context":{"environment":"Prod_SoutheastAsia_000j", "migrationStage":"NotStarted", "server":"GENERAL0300001A"}}
{"logTime": "0308/100330", "correlationVector":"btW/LW+iQgH4LmxKVMRLB8.2","action":"GetUpdates", "result":"DeleteReceived", "context":{"id":"c866a49e-799f-4b33-ba16-e487972c5068", "isDeleted:":"true", "version":"1709892153185"}}
{"logTime": "0308/100330", "correlationVector":"btW/LW+iQgH4LmxKVMRLB8.3","action":"GetUpdates Response", "result":"SYNCER_OK", "context":Received 3 update(s). cV=btW/LW+iQgH4LmxKVMRLB8.0;server=GENERAL0300001A;cloudType=Consumer;environment=Prod_SoutheastAsia_000j;migrationStage=NotStarted}
{"logTime": "0308/100330", "correlationVector":"Ul7p8qKvo7YS0fZWhis84u","action":"Commit Request", "result":"", "context":Item count: 1
Contributing types: Sessions}
{"logTime": "0308/100330", "correlationVector":"Ul7p8qKvo7YS0fZWhis84u.1","action":"SyncServerConnectionManagerRequest", "result":"SYNC_SERVER_OK", "context":{"environment":"Prod_SoutheastAsia_000j", "migrationStage":"NotStarted", "server":"general0100000E"}}
{"logTime": "0308/100330", "correlationVector":"Ul7p8qKvo7YS0fZWhis84u.2","action":"Commit Response", "result":"SYNCER_OK", "context":Result: SYNCER_OK. cV=Ul7p8qKvo7YS0fZWhis84u.0;server=general0100000E;cloudType=Consumer;environment=Prod_SoutheastAsia_000j;migrationStage=NotStarted}
{"logTime": "0308/100332", "correlationVector":"uHG6bpIXUAeNpls25zuPI9","action":"Commit Request", "result":"", "context":Item count: 1
Contributing types: Preferences}
{"logTime": "0308/100332", "correlationVector":"uHG6bpIXUAeNpls25zuPI9.1","action":"SyncServerConnectionManagerRequest", "result":"SYNC_SERVER_OK", "context":{"environment":"Prod_SoutheastAsia_000j", "migrationStage":"NotStarted", "server":"GENERAL0300000Q"}}
{"logTime": "0308/100332", "correlationVector":"uHG6bpIXUAeNpls25zuPI9.2","action":"Commit Response", "result":"SYNCER_OK", "context":Result: SYNCER_OK. cV=uHG6bpIXUAeNpls25zuPI9.0;server=GENERAL0300000Q;cloudType=Consumer;environment=Prod_SoutheastAsia_000j;migrationStage=NotStarted}
{"logTime": "0308/100730", "correlationVector":"mBbW0j/kRq3vjZB4pt0xcT","action":"Normal GetUpdate request", "result":"", "context":cV=mBbW0j/kRq3vjZB4pt0xcT
Refresh requested types: Bookmarks, Preferences, Passwords, Autofill Profiles, Autofill, Typed URLs, Extensions, Sessions, Extension settings, History Delete Directives, Device Info, User Consents, Send Tab To Self, Web Apps, Collection, Edge E Drop, Edge Hub App Usage, Edge Wallet, Encryption Keys}
{"logTime": "0308/100731", "correlationVector":"mBbW0j/kRq3vjZB4pt0xcT.1","action":"SyncServerConnectionManagerRequest", "result":"SYNC_SERVER_OK", "context":{"environment":"Prod_SoutheastAsia_000j", "migrationStage":"NotStarted", "server":"GENERAL0300001A"}}
{"logTime": "0308/100731", "correlationVector":"mBbW0j/kRq3vjZB4pt0xcT.2","action":"GetUpdates Response", "result":"SYNCER_OK", "context":Received 2 update(s). cV=mBbW0j/kRq3vjZB4pt0xcT.0;server=GENERAL0300001A;cloudType=Consumer;environment=Prod_SoutheastAsia_000j;migrationStage=NotStarted}
{"logTime": "0308/100817", "correlationVector":"7AEImjCNrvQbFgsjI2xB8g","action":"Commit Request", "result":"", "context":Item count: 1
Contributing types: Sessions}
{"logTime": "0308/100817", "correlationVector":"7AEImjCNrvQbFgsjI2xB8g.1","action":"SyncServerConnectionManagerRequest", "result":"SYNC_SERVER_OK", "context":{"environment":"Prod_SoutheastAsia_000j", "migrationStage":"NotStarted", "server":"GENERAL03000000"}}
{"logTime": "0308/100817", "correlationVector":"7AEImjCNrvQbFgsjI2xB8g.2","action":"Commit Response", "result":"SYNCER_OK", "context":Result: SYNCER_OK. cV=7AEImjCNrvQbFgsjI2xB8g.0;server=GENERAL03000000;cloudType=Consumer;environment=Prod_SoutheastAsia_000j;migrationStage=NotStarted}
{"logTime": "0308/102827", "correlationVector":"dnLuahBE0Y+Pgj/fdOSRmH","action":"Normal GetUpdate request", "result":"", "context":cV=dnLuahBE0Y+Pgj/fdOSRmH
Notified types: Preferences}
{"logTime": "0308/102828", "correlationVector":"dnLuahBE0Y+Pgj/fdOSRmH.1","action":"SyncServerConnectionManagerRequest", "result":"SYNC_SERVER_OK", "context":{"environment":"Prod_SoutheastAsia_000j", "migrationStage":"NotStarted", "server":"GENERAL0100000X"}}
{"logTime": "0308/102828", "correlationVector":"dnLuahBE0Y+Pgj/fdOSRmH.2","action":"GetUpdates Response", "result":"SYNCER_OK", "context":Received 6 update(s). cV=dnLuahBE0Y+Pgj/fdOSRmH.0;server=GENERAL0100000X;cloudType=Consumer;environment=Prod_SoutheastAsia_000j;migrationStage=NotStarted}
