Flutter crash report.
Please report a bug at https://github.com/flutter/flutter/issues.

## command

flutter run

## exception

FileSystemException: FileSystemException: Exists failed, path = 'C:\xampp\htdocs\flutter\flutter_application_2\flutter_application_3\assets\img\somnikomni.jpeg\' (OS Error: The filename, directory name, or volume label syntax is incorrect.
, errno = 123)

```
#0      _Directory.existsSync (dart:io/directory_impl.dart:92:7)
#1      ForwardingFileSystemEntity.existsSync (package:file/src/forwarding/forwarding_file_system_entity.dart:43:33)
#2      ErrorHandlingDirectory.existsSync.<anonymous closure> (package:flutter_tools/src/base/error_handling_io.dart:492:22)
#3      _runSync (package:flutter_tools/src/base/error_handling_io.dart:590:14)
#4      ErrorHandlingDirectory.existsSync (package:flutter_tools/src/base/error_handling_io.dart:491:12)
#5      ManifestAssetBundle._parseAssetsFromFolder (package:flutter_tools/src/asset.dart:886:47)
#6      ManifestAssetBundle._parseAssets (package:flutter_tools/src/asset.dart:799:9)
#7      ManifestAssetBundle.build (package:flutter_tools/src/asset.dart:261:54)
<asynchronous suspension>
#8      ResidentWebRunner._updateDevFS (package:flutter_tools/src/isolated/resident_web_runner.dart:504:26)
<asynchronous suspension>
#9      ResidentWebRunner.run.<anonymous closure> (package:flutter_tools/src/isolated/resident_web_runner.dart:308:41)
<asynchronous suspension>
#10     asyncGuard.<anonymous closure> (package:flutter_tools/src/base/async_guard.dart:111:24)
<asynchronous suspension>
```

## flutter doctor

```
[32m[✓][39m Flutter (Channel stable, 3.13.0, on Microsoft Windows [Version 10.0.22621.3007], locale
    en-US)
    [32m•[39m Flutter version 3.13.0 on channel stable at C:\flutter
    [32m•[39m Upstream repository https://github.com/flutter/flutter.git
    [32m•[39m Framework revision efbf63d9c6 (6 months ago), 2023-08-15 21:05:06 -0500
    [32m•[39m Engine revision 1ac611c64e
    [32m•[39m Dart version 3.1.0
    [32m•[39m DevTools version 2.25.0

[32m[✓][39m Windows Version (Installed version of Windows is version 10 or higher)

[31m[✗][39m Android toolchain - develop for Android devices
    [32m•[39m Android SDK at C:\Users\LENOVO\AppData\Local\Android\sdk
    [31m✗[39m cmdline-tools component is missing
      Run `path/to/sdkmanager --install "cmdline-tools;latest"`
      See https://developer.android.com/studio/command-line for more details.

[32m[✓][39m Chrome - develop for the web
    [32m•[39m Chrome at C:\Program Files\Google\Chrome\Application\chrome.exe

[33m[!][39m Visual Studio - develop Windows apps (Visual Studio Build Tools 2019 16.11.32)
    [32m•[39m Visual Studio at C:\Program Files (x86)\Microsoft Visual Studio\2019\BuildTools
    [32m•[39m Visual Studio Build Tools 2019 version 16.11.34301.259
    [31m✗[39m The current Visual Studio installation is incomplete. Please reinstall Visual Studio.

[33m[!][39m Android Studio (not installed)
    [32m•[39m Android Studio not found; download from https://developer.android.com/studio/index.html
      (or visit https://flutter.dev/docs/get-started/install/windows#android-setup for detailed
      instructions).

[32m[✓][39m VS Code (version 1.86.1)
    [32m•[39m VS Code at C:\Users\LENOVO\AppData\Local\Programs\Microsoft VS Code
    [32m•[39m Flutter extension version 3.82.0

[32m[✓][39m Connected device (3 available)
    [32m•[39m Windows (desktop) • windows • windows-x64    • Microsoft Windows [Version 10.0.22621.3007]
    [32m•[39m Chrome (web)      • chrome  • web-javascript • Google Chrome 121.0.6167.161
    [32m•[39m Edge (web)        • edge    • web-javascript • Microsoft Edge 121.0.2277.112

[33m[!][39m Network resources
    [31m✗[39m A network error occurred while checking "https://storage.googleapis.com/": Failed host
      lookup: 'storage.googleapis.com'
    [31m✗[39m A network error occurred while checking "https://cocoapods.org/": Failed host lookup:
      'cocoapods.org'
    [31m✗[39m A network error occurred while checking "https://github.com/": Failed host lookup:
      'github.com'

[33m![39m Doctor found issues in 4 categories.
```
